GAS LISTING C:\Users\jeroe\AppData\Local\Temp/cc8PdJxP.s 			page 1


   1               		.file	"lcd.c"
   2               		.arch atmega128
   3               	__SREG__ = 0x3f
   4               	__SP_H__ = 0x3e
   5               	__SP_L__ = 0x3d
   6               	__tmp_reg__ = 0
   7               	__zero_reg__ = 1
   8               		.global __do_copy_data
   9               		.global __do_clear_bss
  10               		.section	.debug_abbrev,"",@progbits
  11               	.Ldebug_abbrev0:
  12               		.section	.debug_info,"",@progbits
  13               	.Ldebug_info0:
  14               		.section	.debug_line,"",@progbits
  15               	.Ldebug_line0:
  16               		.text
  17               	.Ltext0:
  18               	.global	lcd_command
  19               		.type	lcd_command, @function
  20               	lcd_command:
  21               	.LFB7:
  22               	.LM1:
  23               	/* prologue: frame size=0 */
  24               	/* prologue end (size=0) */
  25               	.LVL0:
  26               	.LM2:
  27 0000 982F      		mov r25,r24
  28 0002 907F      		andi r25,lo8(-16)
  29 0004 95BB      		out 53-0x20,r25
  30               	.LM3:
  31 0006 AB9A      		sbi 53-0x20,3
  32               	.LBB36:
  33               	.LBB37:
  34               	.LBB38:
  35               	.LBB39:
  36               	.LM4:
  37 0008 E0ED      		ldi r30,lo8(2000)
  38 000a F7E0      		ldi r31,hi8(2000)
  39 000c DF01      		movw r26,r30
  40               	.LVL1:
  41               	/* #APP */
  42 000e 1197      		1: sbiw r26,1
  43 0010 01F4      		brne 1b
  44               	/* #NOAPP */
  45               	.LBE39:
  46               	.LBE38:
  47               	.LBE37:
  48               	.LBE36:
  49               	.LM5:
  50 0012 94E0      		ldi r25,lo8(4)
  51 0014 95BB      		out 53-0x20,r25
  52               	.LM6:
  53 0016 8295      		swap r24
  54 0018 807F      		andi r24,0xf0
  55 001a 85BB      		out 53-0x20,r24
  56               	.LM7:
  57 001c AB9A      		sbi 53-0x20,3
GAS LISTING C:\Users\jeroe\AppData\Local\Temp/cc8PdJxP.s 			page 2


  58               	.LBB40:
  59               	.LBB41:
  60               	.LBB42:
  61               	.LBB43:
  62               	.LM8:
  63               	/* #APP */
  64 001e 3197      		1: sbiw r30,1
  65 0020 01F4      		brne 1b
  66               	.LVL2:
  67               	/* #NOAPP */
  68               	.LBE43:
  69               	.LBE42:
  70               	.LBE41:
  71               	.LBE40:
  72               	.LM9:
  73 0022 15BA      		out 53-0x20,__zero_reg__
  74               	/* epilogue: frame size=0 */
  75 0024 0895      		ret
  76               	/* epilogue end (size=1) */
  77               	/* function lcd_command size 23 (22) */
  78               	.LFE7:
  79               		.size	lcd_command, .-lcd_command
  80               	.global	init
  81               		.type	init, @function
  82               	init:
  83               	.LFB9:
  84               	.LM10:
  85               	/* prologue: frame size=0 */
  86 0026 EF92      		push r14
  87 0028 FF92      		push r15
  88 002a 0F93      		push r16
  89 002c 1F93      		push r17
  90               	/* prologue end (size=4) */
  91               	.LBB44:
  92               	.LBB45:
  93               	.LBB46:
  94               	.LBB47:
  95               	.LM11:
  96 002e EE24      		clr r14
  97 0030 FF24      		clr r15
  98 0032 C701      		movw r24,r14
  99               	.LVL3:
 100               	/* #APP */
 101 0034 0197      		1: sbiw r24,1
 102 0036 01F4      		brne 1b
 103               	/* #NOAPP */
 104               	.LBE47:
 105               	.LBE46:
 106               	.LBE45:
 107               	.LBE44:
 108               	.LM12:
 109 0038 82E0      		ldi r24,lo8(2)
 110               	.LVL4:
 111 003a 0E94 0000 		call lcd_command
 112               	.LBB48:
 113               	.LBB49:
 114               	.LBB50:
GAS LISTING C:\Users\jeroe\AppData\Local\Temp/cc8PdJxP.s 			page 3


 115               	.LBB51:
 116               	.LM13:
 117 003e 00E3      		ldi r16,lo8(30000)
 118 0040 15E7      		ldi r17,hi8(30000)
 119 0042 C801      		movw r24,r16
 120               	.LVL5:
 121               	/* #APP */
 122 0044 0197      		1: sbiw r24,1
 123 0046 01F4      		brne 1b
 124               	/* #NOAPP */
 125               	.LBE51:
 126               	.LBE50:
 127               	.LBE49:
 128               	.LBE48:
 129               	.LM14:
 130 0048 88E2      		ldi r24,lo8(40)
 131               	.LVL6:
 132 004a 0E94 0000 		call lcd_command
 133               	.LBB52:
 134               	.LBB53:
 135               	.LBB54:
 136               	.LBB55:
 137               	.LM15:
 138 004e C801      		movw r24,r16
 139               	.LVL7:
 140               	/* #APP */
 141 0050 0197      		1: sbiw r24,1
 142 0052 01F4      		brne 1b
 143               	/* #NOAPP */
 144               	.LBE55:
 145               	.LBE54:
 146               	.LBE53:
 147               	.LBE52:
 148               	.LM16:
 149 0054 8EE0      		ldi r24,lo8(14)
 150               	.LVL8:
 151 0056 0E94 0000 		call lcd_command
 152               	.LBB56:
 153               	.LBB57:
 154               	.LBB58:
 155               	.LBB59:
 156               	.LM17:
 157 005a C801      		movw r24,r16
 158               	.LVL9:
 159               	/* #APP */
 160 005c 0197      		1: sbiw r24,1
 161 005e 01F4      		brne 1b
 162               	/* #NOAPP */
 163               	.LBE59:
 164               	.LBE58:
 165               	.LBE57:
 166               	.LBE56:
 167               	.LM18:
 168 0060 86E0      		ldi r24,lo8(6)
 169               	.LVL10:
 170 0062 0E94 0000 		call lcd_command
 171               	.LBB60:
GAS LISTING C:\Users\jeroe\AppData\Local\Temp/cc8PdJxP.s 			page 4


 172               	.LBB61:
 173               	.LBB62:
 174               	.LBB63:
 175               	.LM19:
 176 0066 C801      		movw r24,r16
 177               	/* #APP */
 178 0068 0197      		1: sbiw r24,1
 179 006a 01F4      		brne 1b
 180               	/* #NOAPP */
 181               	.LBE63:
 182               	.LBE62:
 183               	.LBE61:
 184               	.LBE60:
 185               	.LM20:
 186 006c 80E8      		ldi r24,lo8(-128)
 187 006e 0E94 0000 		call lcd_command
 188               	.LBB64:
 189               	.LBB65:
 190               	.LBB66:
 191               	.LBB67:
 192               	.LM21:
 193 0072 C701      		movw r24,r14
 194               	/* #APP */
 195 0074 0197      		1: sbiw r24,1
 196 0076 01F4      		brne 1b
 197               	/* #NOAPP */
 198               	.LBE67:
 199               	.LBE66:
 200               	.LBE65:
 201               	.LBE64:
 202               	/* epilogue: frame size=0 */
 203 0078 1F91      		pop r17
 204 007a 0F91      		pop r16
 205 007c FF90      		pop r15
 206 007e EF90      		pop r14
 207 0080 0895      		ret
 208               	/* epilogue end (size=5) */
 209               	/* function init size 58 (49) */
 210               	.LFE9:
 211               		.size	init, .-init
 212               	.global	main
 213               		.type	main, @function
 214               	main:
 215               	.LFB8:
 216               	.LM22:
 217               	/* prologue: frame size=0 */
 218               	/* prologue end (size=0) */
 219               	.LM23:
 220 0082 8FEF      		ldi r24,lo8(-1)
 221 0084 84BB      		out 52-0x20,r24
 222               	.LM24:
 223 0086 15BA      		out 53-0x20,__zero_reg__
 224               	.LBB72:
 225               	.LBB73:
 226               	.LBB74:
 227               	.LBB75:
 228               	.LM25:
GAS LISTING C:\Users\jeroe\AppData\Local\Temp/cc8PdJxP.s 			page 5


 229 0088 80E4      		ldi r24,lo8(-25536)
 230 008a 9CE9      		ldi r25,hi8(-25536)
 231               	.LVL11:
 232               	/* #APP */
 233 008c 0197      		1: sbiw r24,1
 234 008e 01F4      		brne 1b
 235               	/* #NOAPP */
 236               	.LBE75:
 237               	.LBE74:
 238               	.LBE73:
 239               	.LBE72:
 240               	.LM26:
 241 0090 0E94 0000 		call init
 242               	.LVL12:
 243               	/* epilogue: frame size=0 */
 244 0094 0895      		ret
 245               	/* epilogue end (size=1) */
 246               	/* function main size 12 (11) */
 247               	.LFE8:
 248               		.size	main, .-main
 249               	.global	toggleE
 250               		.type	toggleE, @function
 251               	toggleE:
 252               	.LFB10:
 253               	.LM27:
 254               	/* prologue: frame size=0 */
 255               	/* prologue end (size=0) */
 256               	.LM28:
 257 0096 AB9A      		sbi 53-0x20,3
 258               	.LM29:
 259 0098 AB98      		cbi 53-0x20,3
 260               	/* epilogue: frame size=0 */
 261 009a 0895      		ret
 262               	/* epilogue end (size=1) */
 263               	/* function toggleE size 3 (2) */
 264               	.LFE10:
 265               		.size	toggleE, .-toggleE
 266               	.global	display_text
 267               		.type	display_text, @function
 268               	display_text:
 269               	.LFB11:
 270               	.LM30:
 271               	/* prologue: frame size=0 */
 272               	/* prologue end (size=0) */
 273               	.LVL13:
 274               	/* epilogue: frame size=0 */
 275 009c 0895      		ret
 276               	/* epilogue end (size=1) */
 277               	/* function display_text size 1 (0) */
 278               	.LFE11:
 279               		.size	display_text, .-display_text
 280               	.global	set_cursor
 281               		.type	set_cursor, @function
 282               	set_cursor:
 283               	.LFB12:
 284               	.LM31:
 285               	/* prologue: frame size=0 */
GAS LISTING C:\Users\jeroe\AppData\Local\Temp/cc8PdJxP.s 			page 6


 286               	/* prologue end (size=0) */
 287               	.LVL14:
 288               	/* epilogue: frame size=0 */
 289 009e 0895      		ret
 290               	/* epilogue end (size=1) */
 291               	/* function set_cursor size 1 (0) */
 292               	.LFE12:
 293               		.size	set_cursor, .-set_cursor
 294               	.global	wait
 295               		.type	wait, @function
 296               	wait:
 297               	.LFB6:
 298               	.LM32:
 299               	/* prologue: frame size=0 */
 300               	/* prologue end (size=0) */
 301               	.LVL15:
 302 00a0 AC01      		movw r20,r24
 303 00a2 20E0      		ldi r18,lo8(0)
 304 00a4 30E0      		ldi r19,hi8(0)
 305               	.LVL16:
 306 00a6 E0ED      		ldi r30,lo8(2000)
 307 00a8 F7E0      		ldi r31,hi8(2000)
 308 00aa 00C0      		rjmp .L14
 309               	.LVL17:
 310               	.L15:
 311               	.LBB81:
 312               	.LBB82:
 313               	.LBB83:
 314               	.LBB84:
 315               	.LBB85:
 316               	.LM33:
 317 00ac CF01      		movw r24,r30
 318               	/* #APP */
 319 00ae 0197      		1: sbiw r24,1
 320 00b0 01F4      		brne 1b
 321               	/* #NOAPP */
 322               	.LBE85:
 323               	.LBE84:
 324               	.LBE83:
 325               	.LBE82:
 326               	.LM34:
 327 00b2 2F5F      		subi r18,lo8(-(1))
 328 00b4 3F4F      		sbci r19,hi8(-(1))
 329               	.LVL18:
 330               	.L14:
 331 00b6 4217      		cp r20,r18
 332 00b8 5307      		cpc r21,r19
 333 00ba 04F4      		brge .L15
 334               	.LBE81:
 335               	/* epilogue: frame size=0 */
 336 00bc 0895      		ret
 337               	/* epilogue end (size=1) */
 338               	/* function wait size 17 (16) */
 339               	.LFE6:
 340               		.size	wait, .-wait
 341               		.section	.debug_frame,"",@progbits
 342               	.Lframe0:
GAS LISTING C:\Users\jeroe\AppData\Local\Temp/cc8PdJxP.s 			page 7


 343 0000 0C00 0000 		.long	.LECIE0-.LSCIE0
 344               	.LSCIE0:
 345 0004 FFFF FFFF 		.long	0xffffffff
 346 0008 01        		.byte	0x1
 347 0009 00        		.string	""
 348 000a 01        		.uleb128 0x1
 349 000b 7F        		.sleb128 -1
 350 000c 24        		.byte	0x24
 351 000d 0C        		.byte	0xc
 352 000e 20        		.uleb128 0x20
 353 000f 00        		.uleb128 0x0
 354               		.p2align	2
 355               	.LECIE0:
 356               	.LSFDE0:
 357 0010 0C00 0000 		.long	.LEFDE0-.LASFDE0
 358               	.LASFDE0:
 359 0014 0000 0000 		.long	.Lframe0
 360 0018 0000 0000 		.long	.LFB7
 361 001c 2600 0000 		.long	.LFE7-.LFB7
 362               		.p2align	2
 363               	.LEFDE0:
 364               	.LSFDE2:
 365 0020 0C00 0000 		.long	.LEFDE2-.LASFDE2
 366               	.LASFDE2:
 367 0024 0000 0000 		.long	.Lframe0
 368 0028 0000 0000 		.long	.LFB9
 369 002c 5C00 0000 		.long	.LFE9-.LFB9
 370               		.p2align	2
 371               	.LEFDE2:
 372               	.LSFDE4:
 373 0030 0C00 0000 		.long	.LEFDE4-.LASFDE4
 374               	.LASFDE4:
 375 0034 0000 0000 		.long	.Lframe0
 376 0038 0000 0000 		.long	.LFB8
 377 003c 1400 0000 		.long	.LFE8-.LFB8
 378               		.p2align	2
 379               	.LEFDE4:
 380               	.LSFDE6:
 381 0040 0C00 0000 		.long	.LEFDE6-.LASFDE6
 382               	.LASFDE6:
 383 0044 0000 0000 		.long	.Lframe0
 384 0048 0000 0000 		.long	.LFB10
 385 004c 0600 0000 		.long	.LFE10-.LFB10
 386               		.p2align	2
 387               	.LEFDE6:
 388               	.LSFDE8:
 389 0050 0C00 0000 		.long	.LEFDE8-.LASFDE8
 390               	.LASFDE8:
 391 0054 0000 0000 		.long	.Lframe0
 392 0058 0000 0000 		.long	.LFB11
 393 005c 0200 0000 		.long	.LFE11-.LFB11
 394               		.p2align	2
 395               	.LEFDE8:
 396               	.LSFDE10:
 397 0060 0C00 0000 		.long	.LEFDE10-.LASFDE10
 398               	.LASFDE10:
 399 0064 0000 0000 		.long	.Lframe0
GAS LISTING C:\Users\jeroe\AppData\Local\Temp/cc8PdJxP.s 			page 8


 400 0068 0000 0000 		.long	.LFB12
 401 006c 0200 0000 		.long	.LFE12-.LFB12
 402               		.p2align	2
 403               	.LEFDE10:
 404               	.LSFDE12:
 405 0070 0C00 0000 		.long	.LEFDE12-.LASFDE12
 406               	.LASFDE12:
 407 0074 0000 0000 		.long	.Lframe0
 408 0078 0000 0000 		.long	.LFB6
 409 007c 1E00 0000 		.long	.LFE6-.LFB6
 410               		.p2align	2
 411               	.LEFDE12:
 412               		.text
 413               	.Letext0:
 414               		.section	.debug_line
 415 0000 E701 0000 		.long	.LELT0-.LSLT0
 416               	.LSLT0:
 417 0004 0200      		.word	0x2
 418 0006 7F00 0000 		.long	.LELTP0-.LASLTP0
 419               	.LASLTP0:
 420 000a 01        		.byte	0x1
 421 000b 01        		.byte	0x1
 422 000c F6        		.byte	0xf6
 423 000d F5        		.byte	0xf5
 424 000e 0A        		.byte	0xa
 425 000f 00        		.byte	0x0
 426 0010 01        		.byte	0x1
 427 0011 01        		.byte	0x1
 428 0012 01        		.byte	0x1
 429 0013 01        		.byte	0x1
 430 0014 00        		.byte	0x0
 431 0015 00        		.byte	0x0
 432 0016 00        		.byte	0x0
 433 0017 01        		.byte	0x1
 434 0018 633A 2F77 		.ascii	"c:/winavr-20070525/bin/../avr/include"
 434      696E 6176 
 434      722D 3230 
 434      3037 3035 
 434      3235 2F62 
 435 003d 00        		.byte	0
 436 003e 00        		.byte	0x0
 437 003f 7374 6469 		.string	"stdint.h"
 437      6E74 2E68 
 437      00
 438 0048 01        		.uleb128 0x1
 439 0049 00        		.uleb128 0x0
 440 004a 00        		.uleb128 0x0
 441 004b 696E 7474 		.string	"inttypes.h"
 441      7970 6573 
 441      2E68 00
 442 0056 01        		.uleb128 0x1
 443 0057 00        		.uleb128 0x0
 444 0058 00        		.uleb128 0x0
 445 0059 7574 696C 		.string	"util/delay_basic.h"
 445      2F64 656C 
 445      6179 5F62 
 445      6173 6963 
GAS LISTING C:\Users\jeroe\AppData\Local\Temp/cc8PdJxP.s 			page 9


 445      2E68 00
 446 006c 01        		.uleb128 0x1
 447 006d 00        		.uleb128 0x0
 448 006e 00        		.uleb128 0x0
 449 006f 7574 696C 		.string	"util/delay.h"
 449      2F64 656C 
 449      6179 2E68 
 449      00
 450 007c 01        		.uleb128 0x1
 451 007d 00        		.uleb128 0x0
 452 007e 00        		.uleb128 0x0
 453 007f 6C63 642E 		.string	"lcd.c"
 453      6300 
 454 0085 00        		.uleb128 0x0
 455 0086 00        		.uleb128 0x0
 456 0087 00        		.uleb128 0x0
 457 0088 00        		.byte	0x0
 458               	.LELTP0:
 459 0089 00        		.byte	0x0
 460 008a 05        		.uleb128 0x5
 461 008b 02        		.byte	0x2
 462 008c 0000 0000 		.long	.LM1
 463 0090 04        		.byte	0x4
 464 0091 05        		.uleb128 0x5
 465 0092 1F        		.byte	0x1f
 466 0093 00        		.byte	0x0
 467 0094 05        		.uleb128 0x5
 468 0095 02        		.byte	0x2
 469 0096 0000 0000 		.long	.LM2
 470 009a 15        		.byte	0x15
 471 009b 00        		.byte	0x0
 472 009c 05        		.uleb128 0x5
 473 009d 02        		.byte	0x2
 474 009e 0000 0000 		.long	.LM3
 475 00a2 15        		.byte	0x15
 476 00a3 00        		.byte	0x0
 477 00a4 05        		.uleb128 0x5
 478 00a5 02        		.byte	0x2
 479 00a6 0000 0000 		.long	.LM4
 480 00aa 04        		.byte	0x4
 481 00ab 03        		.uleb128 0x3
 482 00ac 6F        		.byte	0x6f
 483 00ad 00        		.byte	0x0
 484 00ae 05        		.uleb128 0x5
 485 00af 02        		.byte	0x2
 486 00b0 0000 0000 		.long	.LM5
 487 00b4 04        		.byte	0x4
 488 00b5 05        		.uleb128 0x5
 489 00b6 03        		.byte	0x3
 490 00b7 A87F      		.sleb128 -88
 491 00b9 01        		.byte	0x1
 492 00ba 00        		.byte	0x0
 493 00bb 05        		.uleb128 0x5
 494 00bc 02        		.byte	0x2
 495 00bd 0000 0000 		.long	.LM6
 496 00c1 16        		.byte	0x16
 497 00c2 00        		.byte	0x0
GAS LISTING C:\Users\jeroe\AppData\Local\Temp/cc8PdJxP.s 			page 10


 498 00c3 05        		.uleb128 0x5
 499 00c4 02        		.byte	0x2
 500 00c5 0000 0000 		.long	.LM7
 501 00c9 15        		.byte	0x15
 502 00ca 00        		.byte	0x0
 503 00cb 05        		.uleb128 0x5
 504 00cc 02        		.byte	0x2
 505 00cd 0000 0000 		.long	.LM8
 506 00d1 04        		.byte	0x4
 507 00d2 03        		.uleb128 0x3
 508 00d3 69        		.byte	0x69
 509 00d4 00        		.byte	0x0
 510 00d5 05        		.uleb128 0x5
 511 00d6 02        		.byte	0x2
 512 00d7 0000 0000 		.long	.LM9
 513 00db 04        		.byte	0x4
 514 00dc 05        		.uleb128 0x5
 515 00dd 03        		.byte	0x3
 516 00de AE7F      		.sleb128 -82
 517 00e0 01        		.byte	0x1
 518 00e1 00        		.byte	0x0
 519 00e2 05        		.uleb128 0x5
 520 00e3 02        		.byte	0x2
 521 00e4 0000 0000 		.long	.LM10
 522 00e8 1F        		.byte	0x1f
 523 00e9 00        		.byte	0x0
 524 00ea 05        		.uleb128 0x5
 525 00eb 02        		.byte	0x2
 526 00ec 0000 0000 		.long	.LM11
 527 00f0 04        		.byte	0x4
 528 00f1 03        		.uleb128 0x3
 529 00f2 5B        		.byte	0x5b
 530 00f3 00        		.byte	0x0
 531 00f4 05        		.uleb128 0x5
 532 00f5 02        		.byte	0x2
 533 00f6 0000 0000 		.long	.LM12
 534 00fa 04        		.byte	0x4
 535 00fb 05        		.uleb128 0x5
 536 00fc 03        		.byte	0x3
 537 00fd BB7F      		.sleb128 -69
 538 00ff 01        		.byte	0x1
 539 0100 00        		.byte	0x0
 540 0101 05        		.uleb128 0x5
 541 0102 02        		.byte	0x2
 542 0103 0000 0000 		.long	.LM13
 543 0107 04        		.byte	0x4
 544 0108 03        		.uleb128 0x3
 545 0109 59        		.byte	0x59
 546 010a 00        		.byte	0x0
 547 010b 05        		.uleb128 0x5
 548 010c 02        		.byte	0x2
 549 010d 0000 0000 		.long	.LM14
 550 0111 04        		.byte	0x4
 551 0112 05        		.uleb128 0x5
 552 0113 03        		.byte	0x3
 553 0114 BD7F      		.sleb128 -67
 554 0116 01        		.byte	0x1
GAS LISTING C:\Users\jeroe\AppData\Local\Temp/cc8PdJxP.s 			page 11


 555 0117 00        		.byte	0x0
 556 0118 05        		.uleb128 0x5
 557 0119 02        		.byte	0x2
 558 011a 0000 0000 		.long	.LM15
 559 011e 04        		.byte	0x4
 560 011f 03        		.uleb128 0x3
 561 0120 57        		.byte	0x57
 562 0121 00        		.byte	0x0
 563 0122 05        		.uleb128 0x5
 564 0123 02        		.byte	0x2
 565 0124 0000 0000 		.long	.LM16
 566 0128 04        		.byte	0x4
 567 0129 05        		.uleb128 0x5
 568 012a 03        		.byte	0x3
 569 012b BF7F      		.sleb128 -65
 570 012d 01        		.byte	0x1
 571 012e 00        		.byte	0x0
 572 012f 05        		.uleb128 0x5
 573 0130 02        		.byte	0x2
 574 0131 0000 0000 		.long	.LM17
 575 0135 04        		.byte	0x4
 576 0136 03        		.uleb128 0x3
 577 0137 55        		.byte	0x55
 578 0138 00        		.byte	0x0
 579 0139 05        		.uleb128 0x5
 580 013a 02        		.byte	0x2
 581 013b 0000 0000 		.long	.LM18
 582 013f 04        		.byte	0x4
 583 0140 05        		.uleb128 0x5
 584 0141 03        		.byte	0x3
 585 0142 41        		.sleb128 -63
 586 0143 01        		.byte	0x1
 587 0144 00        		.byte	0x0
 588 0145 05        		.uleb128 0x5
 589 0146 02        		.byte	0x2
 590 0147 0000 0000 		.long	.LM19
 591 014b 04        		.byte	0x4
 592 014c 03        		.uleb128 0x3
 593 014d 53        		.byte	0x53
 594 014e 00        		.byte	0x0
 595 014f 05        		.uleb128 0x5
 596 0150 02        		.byte	0x2
 597 0151 0000 0000 		.long	.LM20
 598 0155 04        		.byte	0x4
 599 0156 05        		.uleb128 0x5
 600 0157 03        		.byte	0x3
 601 0158 43        		.sleb128 -61
 602 0159 01        		.byte	0x1
 603 015a 00        		.byte	0x0
 604 015b 05        		.uleb128 0x5
 605 015c 02        		.byte	0x2
 606 015d 0000 0000 		.long	.LM21
 607 0161 04        		.byte	0x4
 608 0162 03        		.uleb128 0x3
 609 0163 51        		.byte	0x51
 610 0164 00        		.byte	0x0
 611 0165 05        		.uleb128 0x5
GAS LISTING C:\Users\jeroe\AppData\Local\Temp/cc8PdJxP.s 			page 12


 612 0166 02        		.byte	0x2
 613 0167 0000 0000 		.long	.LM22
 614 016b 04        		.byte	0x4
 615 016c 05        		.uleb128 0x5
 616 016d 03        		.byte	0x3
 617 016e B27F      		.sleb128 -78
 618 0170 01        		.byte	0x1
 619 0171 00        		.byte	0x0
 620 0172 05        		.uleb128 0x5
 621 0173 02        		.byte	0x2
 622 0174 0000 0000 		.long	.LM23
 623 0178 15        		.byte	0x15
 624 0179 00        		.byte	0x0
 625 017a 05        		.uleb128 0x5
 626 017b 02        		.byte	0x2
 627 017c 0000 0000 		.long	.LM24
 628 0180 15        		.byte	0x15
 629 0181 00        		.byte	0x0
 630 0182 05        		.uleb128 0x5
 631 0183 02        		.byte	0x2
 632 0184 0000 0000 		.long	.LM25
 633 0188 04        		.byte	0x4
 634 0189 03        		.uleb128 0x3
 635 018a 60        		.byte	0x60
 636 018b 00        		.byte	0x0
 637 018c 05        		.uleb128 0x5
 638 018d 02        		.byte	0x2
 639 018e 0000 0000 		.long	.LM26
 640 0192 04        		.byte	0x4
 641 0193 05        		.uleb128 0x5
 642 0194 03        		.byte	0x3
 643 0195 B67F      		.sleb128 -74
 644 0197 01        		.byte	0x1
 645 0198 00        		.byte	0x0
 646 0199 05        		.uleb128 0x5
 647 019a 02        		.byte	0x2
 648 019b 0000 0000 		.long	.LM27
 649 019f 25        		.byte	0x25
 650 01a0 00        		.byte	0x0
 651 01a1 05        		.uleb128 0x5
 652 01a2 02        		.byte	0x2
 653 01a3 0000 0000 		.long	.LM28
 654 01a7 15        		.byte	0x15
 655 01a8 00        		.byte	0x0
 656 01a9 05        		.uleb128 0x5
 657 01aa 02        		.byte	0x2
 658 01ab 0000 0000 		.long	.LM29
 659 01af 15        		.byte	0x15
 660 01b0 00        		.byte	0x0
 661 01b1 05        		.uleb128 0x5
 662 01b2 02        		.byte	0x2
 663 01b3 0000 0000 		.long	.LM30
 664 01b7 17        		.byte	0x17
 665 01b8 00        		.byte	0x0
 666 01b9 05        		.uleb128 0x5
 667 01ba 02        		.byte	0x2
 668 01bb 0000 0000 		.long	.LM31
GAS LISTING C:\Users\jeroe\AppData\Local\Temp/cc8PdJxP.s 			page 13


 669 01bf 18        		.byte	0x18
 670 01c0 00        		.byte	0x0
 671 01c1 05        		.uleb128 0x5
 672 01c2 02        		.byte	0x2
 673 01c3 0000 0000 		.long	.LM32
 674 01c7 03        		.byte	0x3
 675 01c8 4C        		.sleb128 -52
 676 01c9 01        		.byte	0x1
 677 01ca 00        		.byte	0x0
 678 01cb 05        		.uleb128 0x5
 679 01cc 02        		.byte	0x2
 680 01cd 0000 0000 		.long	.LM33
 681 01d1 04        		.byte	0x4
 682 01d2 03        		.uleb128 0x3
 683 01d3 78        		.byte	0x78
 684 01d4 00        		.byte	0x0
 685 01d5 05        		.uleb128 0x5
 686 01d6 02        		.byte	0x2
 687 01d7 0000 0000 		.long	.LM34
 688 01db 04        		.byte	0x4
 689 01dc 05        		.uleb128 0x5
 690 01dd 03        		.byte	0x3
 691 01de 9D7F      		.sleb128 -99
 692 01e0 01        		.byte	0x1
 693 01e1 00        		.byte	0x0
 694 01e2 05        		.uleb128 0x5
 695 01e3 02        		.byte	0x2
 696 01e4 0000 0000 		.long	.Letext0
 697 01e8 00        		.byte	0x0
 698 01e9 01        		.uleb128 0x1
 699 01ea 01        		.byte	0x1
 700               	.LELT0:
 701 01eb 1900 0000 		.section	.debug_loc,"",@progbits
 701      0200 1300 
 701      0000 0101 
 701      FB0E 0D00 
 701      0101 0101 
 702               	.Ldebug_loc0:
 703               	.LLST2:
 704 0000 3400 0000 		.long	.LVL3-.Ltext0
 705 0004 3A00 0000 		.long	.LVL4-.Ltext0
 706 0008 0600      		.word	0x6
 707 000a 68        		.byte	0x68
 708 000b 93        		.byte	0x93
 709 000c 01        		.uleb128 0x1
 710 000d 69        		.byte	0x69
 711 000e 93        		.byte	0x93
 712 000f 01        		.uleb128 0x1
 713 0010 0000 0000 		.long	0x0
 714 0014 0000 0000 		.long	0x0
 715               	.LLST3:
 716 0018 4400 0000 		.long	.LVL5-.Ltext0
 717 001c 4A00 0000 		.long	.LVL6-.Ltext0
 718 0020 0600      		.word	0x6
 719 0022 68        		.byte	0x68
 720 0023 93        		.byte	0x93
 721 0024 01        		.uleb128 0x1
GAS LISTING C:\Users\jeroe\AppData\Local\Temp/cc8PdJxP.s 			page 14


 722 0025 69        		.byte	0x69
 723 0026 93        		.byte	0x93
 724 0027 01        		.uleb128 0x1
 725 0028 0000 0000 		.long	0x0
 726 002c 0000 0000 		.long	0x0
 727               	.LLST4:
 728 0030 5000 0000 		.long	.LVL7-.Ltext0
 729 0034 5600 0000 		.long	.LVL8-.Ltext0
 730 0038 0600      		.word	0x6
 731 003a 68        		.byte	0x68
 732 003b 93        		.byte	0x93
 733 003c 01        		.uleb128 0x1
 734 003d 69        		.byte	0x69
 735 003e 93        		.byte	0x93
 736 003f 01        		.uleb128 0x1
 737 0040 0000 0000 		.long	0x0
 738 0044 0000 0000 		.long	0x0
 739               	.LLST5:
 740 0048 5C00 0000 		.long	.LVL9-.Ltext0
 741 004c 6200 0000 		.long	.LVL10-.Ltext0
 742 0050 0600      		.word	0x6
 743 0052 68        		.byte	0x68
 744 0053 93        		.byte	0x93
 745 0054 01        		.uleb128 0x1
 746 0055 69        		.byte	0x69
 747 0056 93        		.byte	0x93
 748 0057 01        		.uleb128 0x1
 749 0058 0000 0000 		.long	0x0
 750 005c 0000 0000 		.long	0x0
 751               	.LLST7:
 752 0060 8C00 0000 		.long	.LVL11-.Ltext0
 753 0064 9400 0000 		.long	.LVL12-.Ltext0
 754 0068 0600      		.word	0x6
 755 006a 68        		.byte	0x68
 756 006b 93        		.byte	0x93
 757 006c 01        		.uleb128 0x1
 758 006d 69        		.byte	0x69
 759 006e 93        		.byte	0x93
 760 006f 01        		.uleb128 0x1
 761 0070 0000 0000 		.long	0x0
 762 0074 0000 0000 		.long	0x0
 763               	.LLST12:
 764 0078 A000 0000 		.long	.LVL15-.Ltext0
 765 007c AC00 0000 		.long	.LVL17-.Ltext0
 766 0080 0600      		.word	0x6
 767 0082 68        		.byte	0x68
 768 0083 93        		.byte	0x93
 769 0084 01        		.uleb128 0x1
 770 0085 69        		.byte	0x69
 771 0086 93        		.byte	0x93
 772 0087 01        		.uleb128 0x1
 773 0088 AC00 0000 		.long	.LVL17-.Ltext0
 774 008c BE00 0000 		.long	.LFE6-.Ltext0
 775 0090 0600      		.word	0x6
 776 0092 64        		.byte	0x64
 777 0093 93        		.byte	0x93
 778 0094 01        		.uleb128 0x1
GAS LISTING C:\Users\jeroe\AppData\Local\Temp/cc8PdJxP.s 			page 15


 779 0095 65        		.byte	0x65
 780 0096 93        		.byte	0x93
 781 0097 01        		.uleb128 0x1
 782 0098 0000 0000 		.long	0x0
 783 009c 0000 0000 		.long	0x0
 784               		.section	.debug_info
 785 0000 7C04 0000 		.long	0x47c
 786 0004 0200      		.word	0x2
 787 0006 0000 0000 		.long	.Ldebug_abbrev0
 788 000a 04        		.byte	0x4
 789 000b 01        		.uleb128 0x1
 790 000c 0000 0000 		.long	.Ldebug_line0
 791 0010 0000 0000 		.long	.Letext0
 792 0014 0000 0000 		.long	.Ltext0
 793 0018 0000 0000 		.long	.LASF21
 794 001c 01        		.byte	0x1
 795 001d 0000 0000 		.long	.LASF22
 796 0021 0000 0000 		.long	.LASF23
 797 0025 02        		.uleb128 0x2
 798 0026 0000 0000 		.long	.LASF0
 799 002a 01        		.byte	0x1
 800 002b 06        		.byte	0x6
 801 002c 02        		.uleb128 0x2
 802 002d 0000 0000 		.long	.LASF1
 803 0031 01        		.byte	0x1
 804 0032 08        		.byte	0x8
 805 0033 03        		.uleb128 0x3
 806 0034 696E 7400 		.string	"int"
 807 0038 02        		.byte	0x2
 808 0039 05        		.byte	0x5
 809 003a 04        		.uleb128 0x4
 810 003b 0000 0000 		.long	.LASF24
 811 003f 01        		.byte	0x1
 812 0040 7C        		.byte	0x7c
 813 0041 4500 0000 		.long	0x45
 814 0045 02        		.uleb128 0x2
 815 0046 0000 0000 		.long	.LASF2
 816 004a 02        		.byte	0x2
 817 004b 07        		.byte	0x7
 818 004c 02        		.uleb128 0x2
 819 004d 0000 0000 		.long	.LASF3
 820 0051 04        		.byte	0x4
 821 0052 05        		.byte	0x5
 822 0053 02        		.uleb128 0x2
 823 0054 0000 0000 		.long	.LASF4
 824 0058 04        		.byte	0x4
 825 0059 07        		.byte	0x7
 826 005a 02        		.uleb128 0x2
 827 005b 0000 0000 		.long	.LASF5
 828 005f 08        		.byte	0x8
 829 0060 05        		.byte	0x5
 830 0061 02        		.uleb128 0x2
 831 0062 0000 0000 		.long	.LASF6
 832 0066 08        		.byte	0x8
 833 0067 07        		.byte	0x7
 834 0068 05        		.uleb128 0x5
 835 0069 8100 0000 		.long	0x81
GAS LISTING C:\Users\jeroe\AppData\Local\Temp/cc8PdJxP.s 			page 16


 836 006d 0000 0000 		.long	.LASF7
 837 0071 03        		.byte	0x3
 838 0072 68        		.byte	0x68
 839 0073 01        		.byte	0x1
 840 0074 03        		.byte	0x3
 841 0075 06        		.uleb128 0x6
 842 0076 0000 0000 		.long	.LASF9
 843 007a 03        		.byte	0x3
 844 007b 67        		.byte	0x67
 845 007c 3A00 0000 		.long	0x3a
 846 0080 00        		.byte	0x0
 847 0081 05        		.uleb128 0x5
 848 0082 B100 0000 		.long	0xb1
 849 0086 0000 0000 		.long	.LASF8
 850 008a 04        		.byte	0x4
 851 008b 81        		.byte	0x81
 852 008c 01        		.byte	0x1
 853 008d 03        		.byte	0x3
 854 008e 06        		.uleb128 0x6
 855 008f 0000 0000 		.long	.LASF10
 856 0093 04        		.byte	0x4
 857 0094 80        		.byte	0x80
 858 0095 B100 0000 		.long	0xb1
 859 0099 07        		.uleb128 0x7
 860 009a 0000 0000 		.long	.LASF11
 861 009e 04        		.byte	0x4
 862 009f 82        		.byte	0x82
 863 00a0 3A00 0000 		.long	0x3a
 864 00a4 07        		.uleb128 0x7
 865 00a5 0000 0000 		.long	.LASF12
 866 00a9 04        		.byte	0x4
 867 00aa 83        		.byte	0x83
 868 00ab B100 0000 		.long	0xb1
 869 00af 08        		.uleb128 0x8
 870 00b0 00        		.byte	0x0
 871 00b1 02        		.uleb128 0x2
 872 00b2 0000 0000 		.long	.LASF13
 873 00b6 04        		.byte	0x4
 874 00b7 04        		.byte	0x4
 875 00b8 09        		.uleb128 0x9
 876 00b9 6C01 0000 		.long	0x16c
 877 00bd 01        		.byte	0x1
 878 00be 0000 0000 		.long	.LASF14
 879 00c2 05        		.byte	0x5
 880 00c3 0C        		.byte	0xc
 881 00c4 01        		.byte	0x1
 882 00c5 0000 0000 		.long	.LFB7
 883 00c9 0000 0000 		.long	.LFE7
 884 00cd 02        		.byte	0x2
 885 00ce 90        		.byte	0x90
 886 00cf 20        		.uleb128 0x20
 887 00d0 0A        		.uleb128 0xa
 888 00d1 6461 7400 		.string	"dat"
 889 00d5 05        		.byte	0x5
 890 00d6 0B        		.byte	0xb
 891 00d7 2C00 0000 		.long	0x2c
 892 00db 01        		.byte	0x1
GAS LISTING C:\Users\jeroe\AppData\Local\Temp/cc8PdJxP.s 			page 17


 893 00dc 68        		.byte	0x68
 894 00dd 0B        		.uleb128 0xb
 895 00de 2601 0000 		.long	0x126
 896 00e2 8100 0000 		.long	0x81
 897 00e6 0000 0000 		.long	.LBB36
 898 00ea 0000 0000 		.long	.LBE36
 899 00ee 05        		.byte	0x5
 900 00ef 10        		.byte	0x10
 901 00f0 0C        		.uleb128 0xc
 902 00f1 8E00 0000 		.long	0x8e
 903 00f5 0D        		.uleb128 0xd
 904 00f6 0000 0000 		.long	.LBB37
 905 00fa 0000 0000 		.long	.LBE37
 906 00fe 0E        		.uleb128 0xe
 907 00ff 9900 0000 		.long	0x99
 908 0103 0E        		.uleb128 0xe
 909 0104 A400 0000 		.long	0xa4
 910 0108 0F        		.uleb128 0xf
 911 0109 6800 0000 		.long	0x68
 912 010d 0000 0000 		.long	.LBB38
 913 0111 0000 0000 		.long	.LBE38
 914 0115 04        		.byte	0x4
 915 0116 8A        		.byte	0x8a
 916 0117 10        		.uleb128 0x10
 917 0118 7500 0000 		.long	0x75
 918 011c 06        		.byte	0x6
 919 011d 6A        		.byte	0x6a
 920 011e 93        		.byte	0x93
 921 011f 01        		.uleb128 0x1
 922 0120 6B        		.byte	0x6b
 923 0121 93        		.byte	0x93
 924 0122 01        		.uleb128 0x1
 925 0123 00        		.byte	0x0
 926 0124 00        		.byte	0x0
 927 0125 00        		.byte	0x0
 928 0126 0F        		.uleb128 0xf
 929 0127 8100 0000 		.long	0x81
 930 012b 0000 0000 		.long	.LBB40
 931 012f 0000 0000 		.long	.LBE40
 932 0133 05        		.byte	0x5
 933 0134 16        		.byte	0x16
 934 0135 0C        		.uleb128 0xc
 935 0136 8E00 0000 		.long	0x8e
 936 013a 0D        		.uleb128 0xd
 937 013b 0000 0000 		.long	.LBB41
 938 013f 0000 0000 		.long	.LBE41
 939 0143 0E        		.uleb128 0xe
 940 0144 9900 0000 		.long	0x99
 941 0148 0E        		.uleb128 0xe
 942 0149 A400 0000 		.long	0xa4
 943 014d 0F        		.uleb128 0xf
 944 014e 6800 0000 		.long	0x68
 945 0152 0000 0000 		.long	.LBB42
 946 0156 0000 0000 		.long	.LBE42
 947 015a 04        		.byte	0x4
 948 015b 8A        		.byte	0x8a
 949 015c 10        		.uleb128 0x10
GAS LISTING C:\Users\jeroe\AppData\Local\Temp/cc8PdJxP.s 			page 18


 950 015d 7500 0000 		.long	0x75
 951 0161 06        		.byte	0x6
 952 0162 6E        		.byte	0x6e
 953 0163 93        		.byte	0x93
 954 0164 01        		.uleb128 0x1
 955 0165 6F        		.byte	0x6f
 956 0166 93        		.byte	0x93
 957 0167 01        		.uleb128 0x1
 958 0168 00        		.byte	0x0
 959 0169 00        		.byte	0x0
 960 016a 00        		.byte	0x0
 961 016b 00        		.byte	0x0
 962 016c 09        		.uleb128 0x9
 963 016d 2B03 0000 		.long	0x32b
 964 0171 01        		.byte	0x1
 965 0172 0000 0000 		.long	.LASF15
 966 0176 05        		.byte	0x5
 967 0177 22        		.byte	0x22
 968 0178 01        		.byte	0x1
 969 0179 0000 0000 		.long	.LFB9
 970 017d 0000 0000 		.long	.LFE9
 971 0181 02        		.byte	0x2
 972 0182 90        		.byte	0x90
 973 0183 20        		.uleb128 0x20
 974 0184 0B        		.uleb128 0xb
 975 0185 CA01 0000 		.long	0x1ca
 976 0189 8100 0000 		.long	0x81
 977 018d 0000 0000 		.long	.LBB44
 978 0191 0000 0000 		.long	.LBE44
 979 0195 05        		.byte	0x5
 980 0196 23        		.byte	0x23
 981 0197 0C        		.uleb128 0xc
 982 0198 8E00 0000 		.long	0x8e
 983 019c 0D        		.uleb128 0xd
 984 019d 0000 0000 		.long	.LBB45
 985 01a1 0000 0000 		.long	.LBE45
 986 01a5 0E        		.uleb128 0xe
 987 01a6 9900 0000 		.long	0x99
 988 01aa 0E        		.uleb128 0xe
 989 01ab A400 0000 		.long	0xa4
 990 01af 0F        		.uleb128 0xf
 991 01b0 6800 0000 		.long	0x68
 992 01b4 0000 0000 		.long	.LBB46
 993 01b8 0000 0000 		.long	.LBE46
 994 01bc 04        		.byte	0x4
 995 01bd 8A        		.byte	0x8a
 996 01be 11        		.uleb128 0x11
 997 01bf 7500 0000 		.long	0x75
 998 01c3 0000 0000 		.long	.LLST2
 999 01c7 00        		.byte	0x0
 1000 01c8 00        		.byte	0x0
 1001 01c9 00        		.byte	0x0
 1002 01ca 0B        		.uleb128 0xb
 1003 01cb 1002 0000 		.long	0x210
 1004 01cf 8100 0000 		.long	0x81
 1005 01d3 0000 0000 		.long	.LBB48
 1006 01d7 0000 0000 		.long	.LBE48
GAS LISTING C:\Users\jeroe\AppData\Local\Temp/cc8PdJxP.s 			page 19


 1007 01db 05        		.byte	0x5
 1008 01dc 25        		.byte	0x25
 1009 01dd 0C        		.uleb128 0xc
 1010 01de 8E00 0000 		.long	0x8e
 1011 01e2 0D        		.uleb128 0xd
 1012 01e3 0000 0000 		.long	.LBB49
 1013 01e7 0000 0000 		.long	.LBE49
 1014 01eb 0E        		.uleb128 0xe
 1015 01ec 9900 0000 		.long	0x99
 1016 01f0 0E        		.uleb128 0xe
 1017 01f1 A400 0000 		.long	0xa4
 1018 01f5 0F        		.uleb128 0xf
 1019 01f6 6800 0000 		.long	0x68
 1020 01fa 0000 0000 		.long	.LBB50
 1021 01fe 0000 0000 		.long	.LBE50
 1022 0202 04        		.byte	0x4
 1023 0203 8A        		.byte	0x8a
 1024 0204 11        		.uleb128 0x11
 1025 0205 7500 0000 		.long	0x75
 1026 0209 0000 0000 		.long	.LLST3
 1027 020d 00        		.byte	0x0
 1028 020e 00        		.byte	0x0
 1029 020f 00        		.byte	0x0
 1030 0210 0B        		.uleb128 0xb
 1031 0211 5602 0000 		.long	0x256
 1032 0215 8100 0000 		.long	0x81
 1033 0219 0000 0000 		.long	.LBB52
 1034 021d 0000 0000 		.long	.LBE52
 1035 0221 05        		.byte	0x5
 1036 0222 27        		.byte	0x27
 1037 0223 0C        		.uleb128 0xc
 1038 0224 8E00 0000 		.long	0x8e
 1039 0228 0D        		.uleb128 0xd
 1040 0229 0000 0000 		.long	.LBB53
 1041 022d 0000 0000 		.long	.LBE53
 1042 0231 0E        		.uleb128 0xe
 1043 0232 9900 0000 		.long	0x99
 1044 0236 0E        		.uleb128 0xe
 1045 0237 A400 0000 		.long	0xa4
 1046 023b 0F        		.uleb128 0xf
 1047 023c 6800 0000 		.long	0x68
 1048 0240 0000 0000 		.long	.LBB54
 1049 0244 0000 0000 		.long	.LBE54
 1050 0248 04        		.byte	0x4
 1051 0249 8A        		.byte	0x8a
 1052 024a 11        		.uleb128 0x11
 1053 024b 7500 0000 		.long	0x75
 1054 024f 0000 0000 		.long	.LLST4
 1055 0253 00        		.byte	0x0
 1056 0254 00        		.byte	0x0
 1057 0255 00        		.byte	0x0
 1058 0256 0B        		.uleb128 0xb
 1059 0257 9C02 0000 		.long	0x29c
 1060 025b 8100 0000 		.long	0x81
 1061 025f 0000 0000 		.long	.LBB56
 1062 0263 0000 0000 		.long	.LBE56
 1063 0267 05        		.byte	0x5
GAS LISTING C:\Users\jeroe\AppData\Local\Temp/cc8PdJxP.s 			page 20


 1064 0268 29        		.byte	0x29
 1065 0269 0C        		.uleb128 0xc
 1066 026a 8E00 0000 		.long	0x8e
 1067 026e 0D        		.uleb128 0xd
 1068 026f 0000 0000 		.long	.LBB57
 1069 0273 0000 0000 		.long	.LBE57
 1070 0277 0E        		.uleb128 0xe
 1071 0278 9900 0000 		.long	0x99
 1072 027c 0E        		.uleb128 0xe
 1073 027d A400 0000 		.long	0xa4
 1074 0281 0F        		.uleb128 0xf
 1075 0282 6800 0000 		.long	0x68
 1076 0286 0000 0000 		.long	.LBB58
 1077 028a 0000 0000 		.long	.LBE58
 1078 028e 04        		.byte	0x4
 1079 028f 8A        		.byte	0x8a
 1080 0290 11        		.uleb128 0x11
 1081 0291 7500 0000 		.long	0x75
 1082 0295 0000 0000 		.long	.LLST5
 1083 0299 00        		.byte	0x0
 1084 029a 00        		.byte	0x0
 1085 029b 00        		.byte	0x0
 1086 029c 0B        		.uleb128 0xb
 1087 029d E502 0000 		.long	0x2e5
 1088 02a1 8100 0000 		.long	0x81
 1089 02a5 0000 0000 		.long	.LBB60
 1090 02a9 0000 0000 		.long	.LBE60
 1091 02ad 05        		.byte	0x5
 1092 02ae 2B        		.byte	0x2b
 1093 02af 0C        		.uleb128 0xc
 1094 02b0 8E00 0000 		.long	0x8e
 1095 02b4 0D        		.uleb128 0xd
 1096 02b5 0000 0000 		.long	.LBB61
 1097 02b9 0000 0000 		.long	.LBE61
 1098 02bd 0E        		.uleb128 0xe
 1099 02be 9900 0000 		.long	0x99
 1100 02c2 0E        		.uleb128 0xe
 1101 02c3 A400 0000 		.long	0xa4
 1102 02c7 0F        		.uleb128 0xf
 1103 02c8 6800 0000 		.long	0x68
 1104 02cc 0000 0000 		.long	.LBB62
 1105 02d0 0000 0000 		.long	.LBE62
 1106 02d4 04        		.byte	0x4
 1107 02d5 8A        		.byte	0x8a
 1108 02d6 10        		.uleb128 0x10
 1109 02d7 7500 0000 		.long	0x75
 1110 02db 06        		.byte	0x6
 1111 02dc 60        		.byte	0x60
 1112 02dd 93        		.byte	0x93
 1113 02de 01        		.uleb128 0x1
 1114 02df 61        		.byte	0x61
 1115 02e0 93        		.byte	0x93
 1116 02e1 01        		.uleb128 0x1
 1117 02e2 00        		.byte	0x0
 1118 02e3 00        		.byte	0x0
 1119 02e4 00        		.byte	0x0
 1120 02e5 0F        		.uleb128 0xf
GAS LISTING C:\Users\jeroe\AppData\Local\Temp/cc8PdJxP.s 			page 21


 1121 02e6 8100 0000 		.long	0x81
 1122 02ea 0000 0000 		.long	.LBB64
 1123 02ee 0000 0000 		.long	.LBE64
 1124 02f2 05        		.byte	0x5
 1125 02f3 2D        		.byte	0x2d
 1126 02f4 0C        		.uleb128 0xc
 1127 02f5 8E00 0000 		.long	0x8e
 1128 02f9 0D        		.uleb128 0xd
 1129 02fa 0000 0000 		.long	.LBB65
 1130 02fe 0000 0000 		.long	.LBE65
 1131 0302 0E        		.uleb128 0xe
 1132 0303 9900 0000 		.long	0x99
 1133 0307 0E        		.uleb128 0xe
 1134 0308 A400 0000 		.long	0xa4
 1135 030c 0F        		.uleb128 0xf
 1136 030d 6800 0000 		.long	0x68
 1137 0311 0000 0000 		.long	.LBB66
 1138 0315 0000 0000 		.long	.LBE66
 1139 0319 04        		.byte	0x4
 1140 031a 8A        		.byte	0x8a
 1141 031b 10        		.uleb128 0x10
 1142 031c 7500 0000 		.long	0x75
 1143 0320 06        		.byte	0x6
 1144 0321 5E        		.byte	0x5e
 1145 0322 93        		.byte	0x93
 1146 0323 01        		.uleb128 0x1
 1147 0324 5F        		.byte	0x5f
 1148 0325 93        		.byte	0x93
 1149 0326 01        		.uleb128 0x1
 1150 0327 00        		.byte	0x0
 1151 0328 00        		.byte	0x0
 1152 0329 00        		.byte	0x0
 1153 032a 00        		.byte	0x0
 1154 032b 09        		.uleb128 0x9
 1155 032c 8603 0000 		.long	0x386
 1156 0330 01        		.byte	0x1
 1157 0331 0000 0000 		.long	.LASF16
 1158 0335 05        		.byte	0x5
 1159 0336 1B        		.byte	0x1b
 1160 0337 01        		.byte	0x1
 1161 0338 0000 0000 		.long	.LFB8
 1162 033c 0000 0000 		.long	.LFE8
 1163 0340 02        		.byte	0x2
 1164 0341 90        		.byte	0x90
 1165 0342 20        		.uleb128 0x20
 1166 0343 0F        		.uleb128 0xf
 1167 0344 8100 0000 		.long	0x81
 1168 0348 0000 0000 		.long	.LBB72
 1169 034c 0000 0000 		.long	.LBE72
 1170 0350 05        		.byte	0x5
 1171 0351 1E        		.byte	0x1e
 1172 0352 0C        		.uleb128 0xc
 1173 0353 8E00 0000 		.long	0x8e
 1174 0357 0D        		.uleb128 0xd
 1175 0358 0000 0000 		.long	.LBB73
 1176 035c 0000 0000 		.long	.LBE73
 1177 0360 0E        		.uleb128 0xe
GAS LISTING C:\Users\jeroe\AppData\Local\Temp/cc8PdJxP.s 			page 22


 1178 0361 9900 0000 		.long	0x99
 1179 0365 0E        		.uleb128 0xe
 1180 0366 A400 0000 		.long	0xa4
 1181 036a 0F        		.uleb128 0xf
 1182 036b 6800 0000 		.long	0x68
 1183 036f 0000 0000 		.long	.LBB74
 1184 0373 0000 0000 		.long	.LBE74
 1185 0377 04        		.byte	0x4
 1186 0378 8A        		.byte	0x8a
 1187 0379 11        		.uleb128 0x11
 1188 037a 7500 0000 		.long	0x75
 1189 037e 0000 0000 		.long	.LLST7
 1190 0382 00        		.byte	0x0
 1191 0383 00        		.byte	0x0
 1192 0384 00        		.byte	0x0
 1193 0385 00        		.byte	0x0
 1194 0386 12        		.uleb128 0x12
 1195 0387 01        		.byte	0x1
 1196 0388 0000 0000 		.long	.LASF25
 1197 038c 05        		.byte	0x5
 1198 038d 30        		.byte	0x30
 1199 038e 01        		.byte	0x1
 1200 038f 0000 0000 		.long	.LFB10
 1201 0393 0000 0000 		.long	.LFE10
 1202 0397 02        		.byte	0x2
 1203 0398 90        		.byte	0x90
 1204 0399 20        		.uleb128 0x20
 1205 039a 09        		.uleb128 0x9
 1206 039b C503 0000 		.long	0x3c5
 1207 039f 01        		.byte	0x1
 1208 03a0 0000 0000 		.long	.LASF17
 1209 03a4 05        		.byte	0x5
 1210 03a5 35        		.byte	0x35
 1211 03a6 01        		.byte	0x1
 1212 03a7 0000 0000 		.long	.LFB11
 1213 03ab 0000 0000 		.long	.LFE11
 1214 03af 02        		.byte	0x2
 1215 03b0 90        		.byte	0x90
 1216 03b1 20        		.uleb128 0x20
 1217 03b2 0A        		.uleb128 0xa
 1218 03b3 7374 7200 		.string	"str"
 1219 03b7 05        		.byte	0x5
 1220 03b8 35        		.byte	0x35
 1221 03b9 C503 0000 		.long	0x3c5
 1222 03bd 06        		.byte	0x6
 1223 03be 68        		.byte	0x68
 1224 03bf 93        		.byte	0x93
 1225 03c0 01        		.uleb128 0x1
 1226 03c1 69        		.byte	0x69
 1227 03c2 93        		.byte	0x93
 1228 03c3 01        		.uleb128 0x1
 1229 03c4 00        		.byte	0x0
 1230 03c5 13        		.uleb128 0x13
 1231 03c6 02        		.byte	0x2
 1232 03c7 CB03 0000 		.long	0x3cb
 1233 03cb 02        		.uleb128 0x2
 1234 03cc 0000 0000 		.long	.LASF18
GAS LISTING C:\Users\jeroe\AppData\Local\Temp/cc8PdJxP.s 			page 23


 1235 03d0 01        		.byte	0x1
 1236 03d1 06        		.byte	0x6
 1237 03d2 09        		.uleb128 0x9
 1238 03d3 FD03 0000 		.long	0x3fd
 1239 03d7 01        		.byte	0x1
 1240 03d8 0000 0000 		.long	.LASF19
 1241 03dc 05        		.byte	0x5
 1242 03dd 39        		.byte	0x39
 1243 03de 01        		.byte	0x1
 1244 03df 0000 0000 		.long	.LFB12
 1245 03e3 0000 0000 		.long	.LFE12
 1246 03e7 02        		.byte	0x2
 1247 03e8 90        		.byte	0x90
 1248 03e9 20        		.uleb128 0x20
 1249 03ea 14        		.uleb128 0x14
 1250 03eb 0000 0000 		.long	.LASF20
 1251 03ef 05        		.byte	0x5
 1252 03f0 39        		.byte	0x39
 1253 03f1 3300 0000 		.long	0x33
 1254 03f5 06        		.byte	0x6
 1255 03f6 68        		.byte	0x68
 1256 03f7 93        		.byte	0x93
 1257 03f8 01        		.uleb128 0x1
 1258 03f9 69        		.byte	0x69
 1259 03fa 93        		.byte	0x93
 1260 03fb 01        		.uleb128 0x1
 1261 03fc 00        		.byte	0x0
 1262 03fd 15        		.uleb128 0x15
 1263 03fe 01        		.byte	0x1
 1264 03ff 0000 0000 		.long	.LASF26
 1265 0403 05        		.byte	0x5
 1266 0404 05        		.byte	0x5
 1267 0405 01        		.byte	0x1
 1268 0406 0000 0000 		.long	.LFB6
 1269 040a 0000 0000 		.long	.LFE6
 1270 040e 02        		.byte	0x2
 1271 040f 90        		.byte	0x90
 1272 0410 20        		.uleb128 0x20
 1273 0411 16        		.uleb128 0x16
 1274 0412 6D73 00   		.string	"ms"
 1275 0415 05        		.byte	0x5
 1276 0416 05        		.byte	0x5
 1277 0417 3300 0000 		.long	0x33
 1278 041b 0000 0000 		.long	.LLST12
 1279 041f 0D        		.uleb128 0xd
 1280 0420 0000 0000 		.long	.LBB81
 1281 0424 0000 0000 		.long	.LBE81
 1282 0428 17        		.uleb128 0x17
 1283 0429 6900      		.string	"i"
 1284 042b 05        		.byte	0x5
 1285 042c 06        		.byte	0x6
 1286 042d 3300 0000 		.long	0x33
 1287 0431 06        		.byte	0x6
 1288 0432 62        		.byte	0x62
 1289 0433 93        		.byte	0x93
 1290 0434 01        		.uleb128 0x1
 1291 0435 63        		.byte	0x63
GAS LISTING C:\Users\jeroe\AppData\Local\Temp/cc8PdJxP.s 			page 24


 1292 0436 93        		.byte	0x93
 1293 0437 01        		.uleb128 0x1
 1294 0438 0F        		.uleb128 0xf
 1295 0439 8100 0000 		.long	0x81
 1296 043d 0000 0000 		.long	.LBB82
 1297 0441 0000 0000 		.long	.LBE82
 1298 0445 05        		.byte	0x5
 1299 0446 07        		.byte	0x7
 1300 0447 0C        		.uleb128 0xc
 1301 0448 8E00 0000 		.long	0x8e
 1302 044c 0D        		.uleb128 0xd
 1303 044d 0000 0000 		.long	.LBB83
 1304 0451 0000 0000 		.long	.LBE83
 1305 0455 0E        		.uleb128 0xe
 1306 0456 9900 0000 		.long	0x99
 1307 045a 0E        		.uleb128 0xe
 1308 045b A400 0000 		.long	0xa4
 1309 045f 0F        		.uleb128 0xf
 1310 0460 6800 0000 		.long	0x68
 1311 0464 0000 0000 		.long	.LBB84
 1312 0468 0000 0000 		.long	.LBE84
 1313 046c 04        		.byte	0x4
 1314 046d 8A        		.byte	0x8a
 1315 046e 10        		.uleb128 0x10
 1316 046f 7500 0000 		.long	0x75
 1317 0473 06        		.byte	0x6
 1318 0474 68        		.byte	0x68
 1319 0475 93        		.byte	0x93
 1320 0476 01        		.uleb128 0x1
 1321 0477 69        		.byte	0x69
 1322 0478 93        		.byte	0x93
 1323 0479 01        		.uleb128 0x1
 1324 047a 00        		.byte	0x0
 1325 047b 00        		.byte	0x0
 1326 047c 00        		.byte	0x0
 1327 047d 00        		.byte	0x0
 1328 047e 00        		.byte	0x0
 1329 047f 00        		.byte	0x0
 1330               		.section	.debug_abbrev
 1331 0000 01        		.uleb128 0x1
 1332 0001 11        		.uleb128 0x11
 1333 0002 01        		.byte	0x1
 1334 0003 10        		.uleb128 0x10
 1335 0004 06        		.uleb128 0x6
 1336 0005 12        		.uleb128 0x12
 1337 0006 01        		.uleb128 0x1
 1338 0007 11        		.uleb128 0x11
 1339 0008 01        		.uleb128 0x1
 1340 0009 25        		.uleb128 0x25
 1341 000a 0E        		.uleb128 0xe
 1342 000b 13        		.uleb128 0x13
 1343 000c 0B        		.uleb128 0xb
 1344 000d 03        		.uleb128 0x3
 1345 000e 0E        		.uleb128 0xe
 1346 000f 1B        		.uleb128 0x1b
 1347 0010 0E        		.uleb128 0xe
 1348 0011 00        		.byte	0x0
GAS LISTING C:\Users\jeroe\AppData\Local\Temp/cc8PdJxP.s 			page 25


 1349 0012 00        		.byte	0x0
 1350 0013 02        		.uleb128 0x2
 1351 0014 24        		.uleb128 0x24
 1352 0015 00        		.byte	0x0
 1353 0016 03        		.uleb128 0x3
 1354 0017 0E        		.uleb128 0xe
 1355 0018 0B        		.uleb128 0xb
 1356 0019 0B        		.uleb128 0xb
 1357 001a 3E        		.uleb128 0x3e
 1358 001b 0B        		.uleb128 0xb
 1359 001c 00        		.byte	0x0
 1360 001d 00        		.byte	0x0
 1361 001e 03        		.uleb128 0x3
 1362 001f 24        		.uleb128 0x24
 1363 0020 00        		.byte	0x0
 1364 0021 03        		.uleb128 0x3
 1365 0022 08        		.uleb128 0x8
 1366 0023 0B        		.uleb128 0xb
 1367 0024 0B        		.uleb128 0xb
 1368 0025 3E        		.uleb128 0x3e
 1369 0026 0B        		.uleb128 0xb
 1370 0027 00        		.byte	0x0
 1371 0028 00        		.byte	0x0
 1372 0029 04        		.uleb128 0x4
 1373 002a 16        		.uleb128 0x16
 1374 002b 00        		.byte	0x0
 1375 002c 03        		.uleb128 0x3
 1376 002d 0E        		.uleb128 0xe
 1377 002e 3A        		.uleb128 0x3a
 1378 002f 0B        		.uleb128 0xb
 1379 0030 3B        		.uleb128 0x3b
 1380 0031 0B        		.uleb128 0xb
 1381 0032 49        		.uleb128 0x49
 1382 0033 13        		.uleb128 0x13
 1383 0034 00        		.byte	0x0
 1384 0035 00        		.byte	0x0
 1385 0036 05        		.uleb128 0x5
 1386 0037 2E        		.uleb128 0x2e
 1387 0038 01        		.byte	0x1
 1388 0039 01        		.uleb128 0x1
 1389 003a 13        		.uleb128 0x13
 1390 003b 03        		.uleb128 0x3
 1391 003c 0E        		.uleb128 0xe
 1392 003d 3A        		.uleb128 0x3a
 1393 003e 0B        		.uleb128 0xb
 1394 003f 3B        		.uleb128 0x3b
 1395 0040 0B        		.uleb128 0xb
 1396 0041 27        		.uleb128 0x27
 1397 0042 0C        		.uleb128 0xc
 1398 0043 20        		.uleb128 0x20
 1399 0044 0B        		.uleb128 0xb
 1400 0045 00        		.byte	0x0
 1401 0046 00        		.byte	0x0
 1402 0047 06        		.uleb128 0x6
 1403 0048 05        		.uleb128 0x5
 1404 0049 00        		.byte	0x0
 1405 004a 03        		.uleb128 0x3
GAS LISTING C:\Users\jeroe\AppData\Local\Temp/cc8PdJxP.s 			page 26


 1406 004b 0E        		.uleb128 0xe
 1407 004c 3A        		.uleb128 0x3a
 1408 004d 0B        		.uleb128 0xb
 1409 004e 3B        		.uleb128 0x3b
 1410 004f 0B        		.uleb128 0xb
 1411 0050 49        		.uleb128 0x49
 1412 0051 13        		.uleb128 0x13
 1413 0052 00        		.byte	0x0
 1414 0053 00        		.byte	0x0
 1415 0054 07        		.uleb128 0x7
 1416 0055 34        		.uleb128 0x34
 1417 0056 00        		.byte	0x0
 1418 0057 03        		.uleb128 0x3
 1419 0058 0E        		.uleb128 0xe
 1420 0059 3A        		.uleb128 0x3a
 1421 005a 0B        		.uleb128 0xb
 1422 005b 3B        		.uleb128 0x3b
 1423 005c 0B        		.uleb128 0xb
 1424 005d 49        		.uleb128 0x49
 1425 005e 13        		.uleb128 0x13
 1426 005f 00        		.byte	0x0
 1427 0060 00        		.byte	0x0
 1428 0061 08        		.uleb128 0x8
 1429 0062 0B        		.uleb128 0xb
 1430 0063 00        		.byte	0x0
 1431 0064 00        		.byte	0x0
 1432 0065 00        		.byte	0x0
 1433 0066 09        		.uleb128 0x9
 1434 0067 2E        		.uleb128 0x2e
 1435 0068 01        		.byte	0x1
 1436 0069 01        		.uleb128 0x1
 1437 006a 13        		.uleb128 0x13
 1438 006b 3F        		.uleb128 0x3f
 1439 006c 0C        		.uleb128 0xc
 1440 006d 03        		.uleb128 0x3
 1441 006e 0E        		.uleb128 0xe
 1442 006f 3A        		.uleb128 0x3a
 1443 0070 0B        		.uleb128 0xb
 1444 0071 3B        		.uleb128 0x3b
 1445 0072 0B        		.uleb128 0xb
 1446 0073 27        		.uleb128 0x27
 1447 0074 0C        		.uleb128 0xc
 1448 0075 11        		.uleb128 0x11
 1449 0076 01        		.uleb128 0x1
 1450 0077 12        		.uleb128 0x12
 1451 0078 01        		.uleb128 0x1
 1452 0079 40        		.uleb128 0x40
 1453 007a 0A        		.uleb128 0xa
 1454 007b 00        		.byte	0x0
 1455 007c 00        		.byte	0x0
 1456 007d 0A        		.uleb128 0xa
 1457 007e 05        		.uleb128 0x5
 1458 007f 00        		.byte	0x0
 1459 0080 03        		.uleb128 0x3
 1460 0081 08        		.uleb128 0x8
 1461 0082 3A        		.uleb128 0x3a
 1462 0083 0B        		.uleb128 0xb
GAS LISTING C:\Users\jeroe\AppData\Local\Temp/cc8PdJxP.s 			page 27


 1463 0084 3B        		.uleb128 0x3b
 1464 0085 0B        		.uleb128 0xb
 1465 0086 49        		.uleb128 0x49
 1466 0087 13        		.uleb128 0x13
 1467 0088 02        		.uleb128 0x2
 1468 0089 0A        		.uleb128 0xa
 1469 008a 00        		.byte	0x0
 1470 008b 00        		.byte	0x0
 1471 008c 0B        		.uleb128 0xb
 1472 008d 1D        		.uleb128 0x1d
 1473 008e 01        		.byte	0x1
 1474 008f 01        		.uleb128 0x1
 1475 0090 13        		.uleb128 0x13
 1476 0091 31        		.uleb128 0x31
 1477 0092 13        		.uleb128 0x13
 1478 0093 11        		.uleb128 0x11
 1479 0094 01        		.uleb128 0x1
 1480 0095 12        		.uleb128 0x12
 1481 0096 01        		.uleb128 0x1
 1482 0097 58        		.uleb128 0x58
 1483 0098 0B        		.uleb128 0xb
 1484 0099 59        		.uleb128 0x59
 1485 009a 0B        		.uleb128 0xb
 1486 009b 00        		.byte	0x0
 1487 009c 00        		.byte	0x0
 1488 009d 0C        		.uleb128 0xc
 1489 009e 05        		.uleb128 0x5
 1490 009f 00        		.byte	0x0
 1491 00a0 31        		.uleb128 0x31
 1492 00a1 13        		.uleb128 0x13
 1493 00a2 00        		.byte	0x0
 1494 00a3 00        		.byte	0x0
 1495 00a4 0D        		.uleb128 0xd
 1496 00a5 0B        		.uleb128 0xb
 1497 00a6 01        		.byte	0x1
 1498 00a7 11        		.uleb128 0x11
 1499 00a8 01        		.uleb128 0x1
 1500 00a9 12        		.uleb128 0x12
 1501 00aa 01        		.uleb128 0x1
 1502 00ab 00        		.byte	0x0
 1503 00ac 00        		.byte	0x0
 1504 00ad 0E        		.uleb128 0xe
 1505 00ae 34        		.uleb128 0x34
 1506 00af 00        		.byte	0x0
 1507 00b0 31        		.uleb128 0x31
 1508 00b1 13        		.uleb128 0x13
 1509 00b2 00        		.byte	0x0
 1510 00b3 00        		.byte	0x0
 1511 00b4 0F        		.uleb128 0xf
 1512 00b5 1D        		.uleb128 0x1d
 1513 00b6 01        		.byte	0x1
 1514 00b7 31        		.uleb128 0x31
 1515 00b8 13        		.uleb128 0x13
 1516 00b9 11        		.uleb128 0x11
 1517 00ba 01        		.uleb128 0x1
 1518 00bb 12        		.uleb128 0x12
 1519 00bc 01        		.uleb128 0x1
GAS LISTING C:\Users\jeroe\AppData\Local\Temp/cc8PdJxP.s 			page 28


 1520 00bd 58        		.uleb128 0x58
 1521 00be 0B        		.uleb128 0xb
 1522 00bf 59        		.uleb128 0x59
 1523 00c0 0B        		.uleb128 0xb
 1524 00c1 00        		.byte	0x0
 1525 00c2 00        		.byte	0x0
 1526 00c3 10        		.uleb128 0x10
 1527 00c4 05        		.uleb128 0x5
 1528 00c5 00        		.byte	0x0
 1529 00c6 31        		.uleb128 0x31
 1530 00c7 13        		.uleb128 0x13
 1531 00c8 02        		.uleb128 0x2
 1532 00c9 0A        		.uleb128 0xa
 1533 00ca 00        		.byte	0x0
 1534 00cb 00        		.byte	0x0
 1535 00cc 11        		.uleb128 0x11
 1536 00cd 05        		.uleb128 0x5
 1537 00ce 00        		.byte	0x0
 1538 00cf 31        		.uleb128 0x31
 1539 00d0 13        		.uleb128 0x13
 1540 00d1 02        		.uleb128 0x2
 1541 00d2 06        		.uleb128 0x6
 1542 00d3 00        		.byte	0x0
 1543 00d4 00        		.byte	0x0
 1544 00d5 12        		.uleb128 0x12
 1545 00d6 2E        		.uleb128 0x2e
 1546 00d7 00        		.byte	0x0
 1547 00d8 3F        		.uleb128 0x3f
 1548 00d9 0C        		.uleb128 0xc
 1549 00da 03        		.uleb128 0x3
 1550 00db 0E        		.uleb128 0xe
 1551 00dc 3A        		.uleb128 0x3a
 1552 00dd 0B        		.uleb128 0xb
 1553 00de 3B        		.uleb128 0x3b
 1554 00df 0B        		.uleb128 0xb
 1555 00e0 27        		.uleb128 0x27
 1556 00e1 0C        		.uleb128 0xc
 1557 00e2 11        		.uleb128 0x11
 1558 00e3 01        		.uleb128 0x1
 1559 00e4 12        		.uleb128 0x12
 1560 00e5 01        		.uleb128 0x1
 1561 00e6 40        		.uleb128 0x40
 1562 00e7 0A        		.uleb128 0xa
 1563 00e8 00        		.byte	0x0
 1564 00e9 00        		.byte	0x0
 1565 00ea 13        		.uleb128 0x13
 1566 00eb 0F        		.uleb128 0xf
 1567 00ec 00        		.byte	0x0
 1568 00ed 0B        		.uleb128 0xb
 1569 00ee 0B        		.uleb128 0xb
 1570 00ef 49        		.uleb128 0x49
 1571 00f0 13        		.uleb128 0x13
 1572 00f1 00        		.byte	0x0
 1573 00f2 00        		.byte	0x0
 1574 00f3 14        		.uleb128 0x14
 1575 00f4 05        		.uleb128 0x5
 1576 00f5 00        		.byte	0x0
GAS LISTING C:\Users\jeroe\AppData\Local\Temp/cc8PdJxP.s 			page 29


 1577 00f6 03        		.uleb128 0x3
 1578 00f7 0E        		.uleb128 0xe
 1579 00f8 3A        		.uleb128 0x3a
 1580 00f9 0B        		.uleb128 0xb
 1581 00fa 3B        		.uleb128 0x3b
 1582 00fb 0B        		.uleb128 0xb
 1583 00fc 49        		.uleb128 0x49
 1584 00fd 13        		.uleb128 0x13
 1585 00fe 02        		.uleb128 0x2
 1586 00ff 0A        		.uleb128 0xa
 1587 0100 00        		.byte	0x0
 1588 0101 00        		.byte	0x0
 1589 0102 15        		.uleb128 0x15
 1590 0103 2E        		.uleb128 0x2e
 1591 0104 01        		.byte	0x1
 1592 0105 3F        		.uleb128 0x3f
 1593 0106 0C        		.uleb128 0xc
 1594 0107 03        		.uleb128 0x3
 1595 0108 0E        		.uleb128 0xe
 1596 0109 3A        		.uleb128 0x3a
 1597 010a 0B        		.uleb128 0xb
 1598 010b 3B        		.uleb128 0x3b
 1599 010c 0B        		.uleb128 0xb
 1600 010d 27        		.uleb128 0x27
 1601 010e 0C        		.uleb128 0xc
 1602 010f 11        		.uleb128 0x11
 1603 0110 01        		.uleb128 0x1
 1604 0111 12        		.uleb128 0x12
 1605 0112 01        		.uleb128 0x1
 1606 0113 40        		.uleb128 0x40
 1607 0114 0A        		.uleb128 0xa
 1608 0115 00        		.byte	0x0
 1609 0116 00        		.byte	0x0
 1610 0117 16        		.uleb128 0x16
 1611 0118 05        		.uleb128 0x5
 1612 0119 00        		.byte	0x0
 1613 011a 03        		.uleb128 0x3
 1614 011b 08        		.uleb128 0x8
 1615 011c 3A        		.uleb128 0x3a
 1616 011d 0B        		.uleb128 0xb
 1617 011e 3B        		.uleb128 0x3b
 1618 011f 0B        		.uleb128 0xb
 1619 0120 49        		.uleb128 0x49
 1620 0121 13        		.uleb128 0x13
 1621 0122 02        		.uleb128 0x2
 1622 0123 06        		.uleb128 0x6
 1623 0124 00        		.byte	0x0
 1624 0125 00        		.byte	0x0
 1625 0126 17        		.uleb128 0x17
 1626 0127 34        		.uleb128 0x34
 1627 0128 00        		.byte	0x0
 1628 0129 03        		.uleb128 0x3
 1629 012a 08        		.uleb128 0x8
 1630 012b 3A        		.uleb128 0x3a
 1631 012c 0B        		.uleb128 0xb
 1632 012d 3B        		.uleb128 0x3b
 1633 012e 0B        		.uleb128 0xb
GAS LISTING C:\Users\jeroe\AppData\Local\Temp/cc8PdJxP.s 			page 30


 1634 012f 49        		.uleb128 0x49
 1635 0130 13        		.uleb128 0x13
 1636 0131 02        		.uleb128 0x2
 1637 0132 0A        		.uleb128 0xa
 1638 0133 00        		.byte	0x0
 1639 0134 00        		.byte	0x0
 1640 0135 00        		.byte	0x0
 1641               		.section	.debug_pubnames,"",@progbits
 1642 0000 6500 0000 		.long	0x65
 1643 0004 0200      		.word	0x2
 1644 0006 0000 0000 		.long	.Ldebug_info0
 1645 000a 8004 0000 		.long	0x480
 1646 000e B800 0000 		.long	0xb8
 1647 0012 6C63 645F 		.string	"lcd_command"
 1647      636F 6D6D 
 1647      616E 6400 
 1648 001e 6C01 0000 		.long	0x16c
 1649 0022 696E 6974 		.string	"init"
 1649      00
 1650 0027 2B03 0000 		.long	0x32b
 1651 002b 6D61 696E 		.string	"main"
 1651      00
 1652 0030 8603 0000 		.long	0x386
 1653 0034 746F 6767 		.string	"toggleE"
 1653      6C65 4500 
 1654 003c 9A03 0000 		.long	0x39a
 1655 0040 6469 7370 		.string	"display_text"
 1655      6C61 795F 
 1655      7465 7874 
 1655      00
 1656 004d D203 0000 		.long	0x3d2
 1657 0051 7365 745F 		.string	"set_cursor"
 1657      6375 7273 
 1657      6F72 00
 1658 005c FD03 0000 		.long	0x3fd
 1659 0060 7761 6974 		.string	"wait"
 1659      00
 1660 0065 0000 0000 		.long	0x0
 1661               		.section	.debug_aranges,"",@progbits
 1662 0000 1C00 0000 		.long	0x1c
 1663 0004 0200      		.word	0x2
 1664 0006 0000 0000 		.long	.Ldebug_info0
 1665 000a 04        		.byte	0x4
 1666 000b 00        		.byte	0x0
 1667 000c 0000      		.word	0x0
 1668 000e 0000      		.word	0x0
 1669 0010 0000 0000 		.long	.Ltext0
 1670 0014 BE00 0000 		.long	.Letext0-.Ltext0
 1671 0018 0000 0000 		.long	0x0
 1672 001c 0000 0000 		.long	0x0
 1673               		.section	.debug_str,"MS",@progbits,1
 1674               	.LASF14:
 1675 0000 6C63 645F 		.string	"lcd_command"
 1675      636F 6D6D 
 1675      616E 6400 
 1676               	.LASF20:
 1677 000c 706F 7369 		.string	"position"
GAS LISTING C:\Users\jeroe\AppData\Local\Temp/cc8PdJxP.s 			page 31


 1677      7469 6F6E 
 1677      00
 1678               	.LASF17:
 1679 0015 6469 7370 		.string	"display_text"
 1679      6C61 795F 
 1679      7465 7874 
 1679      00
 1680               	.LASF15:
 1681 0022 696E 6974 		.string	"init"
 1681      00
 1682               	.LASF1:
 1683 0027 756E 7369 		.string	"unsigned char"
 1683      676E 6564 
 1683      2063 6861 
 1683      7200 
 1684               	.LASF7:
 1685 0035 5F64 656C 		.string	"_delay_loop_2"
 1685      6179 5F6C 
 1685      6F6F 705F 
 1685      3200 
 1686               	.LASF4:
 1687 0043 6C6F 6E67 		.string	"long unsigned int"
 1687      2075 6E73 
 1687      6967 6E65 
 1687      6420 696E 
 1687      7400 
 1688               	.LASF22:
 1689 0055 6C63 642E 		.string	"lcd.c"
 1689      6300 
 1690               	.LASF8:
 1691 005b 5F64 656C 		.string	"_delay_ms"
 1691      6179 5F6D 
 1691      7300 
 1692               	.LASF13:
 1693 0065 646F 7562 		.string	"double"
 1693      6C65 00
 1694               	.LASF19:
 1695 006c 7365 745F 		.string	"set_cursor"
 1695      6375 7273 
 1695      6F72 00
 1696               	.LASF16:
 1697 0077 6D61 696E 		.string	"main"
 1697      00
 1698               	.LASF26:
 1699 007c 7761 6974 		.string	"wait"
 1699      00
 1700               	.LASF23:
 1701 0081 433A 5C55 		.string	"C:\\Users\\jeroe\\Desktop\\map\\school\\MicroControllers\\week 3\\b1"
 1701      7365 7273 
 1701      5C6A 6572 
 1701      6F65 5C44 
 1701      6573 6B74 
 1702               	.LASF2:
 1703 00be 756E 7369 		.string	"unsigned int"
 1703      676E 6564 
 1703      2069 6E74 
 1703      00
GAS LISTING C:\Users\jeroe\AppData\Local\Temp/cc8PdJxP.s 			page 32


 1704               	.LASF6:
 1705 00cb 6C6F 6E67 		.string	"long long unsigned int"
 1705      206C 6F6E 
 1705      6720 756E 
 1705      7369 676E 
 1705      6564 2069 
 1706               	.LASF5:
 1707 00e2 6C6F 6E67 		.string	"long long int"
 1707      206C 6F6E 
 1707      6720 696E 
 1707      7400 
 1708               	.LASF25:
 1709 00f0 746F 6767 		.string	"toggleE"
 1709      6C65 4500 
 1710               	.LASF18:
 1711 00f8 6368 6172 		.string	"char"
 1711      00
 1712               	.LASF24:
 1713 00fd 7569 6E74 		.string	"uint16_t"
 1713      3136 5F74 
 1713      00
 1714               	.LASF9:
 1715 0106 5F5F 636F 		.string	"__count"
 1715      756E 7400 
 1716               	.LASF21:
 1717 010e 474E 5520 		.string	"GNU C 4.1.2 (WinAVR 20070525)"
 1717      4320 342E 
 1717      312E 3220 
 1717      2857 696E 
 1717      4156 5220 
 1718               	.LASF12:
 1719 012c 5F5F 746D 		.string	"__tmp"
 1719      7000 
 1720               	.LASF11:
 1721 0132 5F5F 7469 		.string	"__ticks"
 1721      636B 7300 
 1722               	.LASF3:
 1723 013a 6C6F 6E67 		.string	"long int"
 1723      2069 6E74 
 1723      00
 1724               	.LASF0:
 1725 0143 7369 676E 		.string	"signed char"
 1725      6564 2063 
 1725      6861 7200 
 1726               	.LASF10:
 1727 014f 5F5F 6D73 		.string	"__ms"
 1727      00
 1728               	/* File "lcd.c": code  115 = 0x0073 ( 100), prologues   4, epilogues  11 */
GAS LISTING C:\Users\jeroe\AppData\Local\Temp/cc8PdJxP.s 			page 33


DEFINED SYMBOLS
                            *ABS*:00000000 lcd.c
C:\Users\jeroe\AppData\Local\Temp/cc8PdJxP.s:3      *ABS*:0000003f __SREG__
C:\Users\jeroe\AppData\Local\Temp/cc8PdJxP.s:4      *ABS*:0000003e __SP_H__
C:\Users\jeroe\AppData\Local\Temp/cc8PdJxP.s:5      *ABS*:0000003d __SP_L__
C:\Users\jeroe\AppData\Local\Temp/cc8PdJxP.s:6      *ABS*:00000000 __tmp_reg__
C:\Users\jeroe\AppData\Local\Temp/cc8PdJxP.s:7      *ABS*:00000001 __zero_reg__
C:\Users\jeroe\AppData\Local\Temp/cc8PdJxP.s:20     .text:00000000 lcd_command
C:\Users\jeroe\AppData\Local\Temp/cc8PdJxP.s:82     .text:00000026 init
C:\Users\jeroe\AppData\Local\Temp/cc8PdJxP.s:214    .text:00000082 main
C:\Users\jeroe\AppData\Local\Temp/cc8PdJxP.s:251    .text:00000096 toggleE
C:\Users\jeroe\AppData\Local\Temp/cc8PdJxP.s:268    .text:0000009c display_text
C:\Users\jeroe\AppData\Local\Temp/cc8PdJxP.s:282    .text:0000009e set_cursor
C:\Users\jeroe\AppData\Local\Temp/cc8PdJxP.s:296    .text:000000a0 wait

UNDEFINED SYMBOLS
__do_copy_data
__do_clear_bss
