GAS LISTING C:\Users\Bilel\AppData\Local\Temp/ccl1ozof.s 			page 1


   1               		.file	"main.c"
   2               	__SREG__ = 0x3f
   3               	__SP_H__ = 0x3e
   4               	__SP_L__ = 0x3d
   5               	__CCP__  = 0x34
   6               	__tmp_reg__ = 0
   7               	__zero_reg__ = 1
   8               		.section	.debug_abbrev,"",@progbits
   9               	.Ldebug_abbrev0:
  10               		.section	.debug_info,"",@progbits
  11               	.Ldebug_info0:
  12               		.section	.debug_line,"",@progbits
  13               	.Ldebug_line0:
  14               		.text
  15               	.Ltext0:
  16               	.global	wait
  17               		.type	wait, @function
  18               	wait:
  19               	.LFB6:
  20               	.LM1:
  21               	.LVL0:
  22               	/* prologue: function */
  23               	/* frame size = 0 */
  24               	.LM2:
  25 0000 20E0      		ldi r18,lo8(0)
  26 0002 30E0      		ldi r19,hi8(0)
  27               	.LVL1:
  28               	.LBB21:
  29               	.LBB22:
  30               	.LBB23:
  31               	.LBB24:
  32               	.LBB25:
  33               	.LM3:
  34 0004 40ED      		ldi r20,lo8(2000)
  35 0006 57E0      		ldi r21,hi8(2000)
  36 0008 00C0      		rjmp .L2
  37               	.LVL2:
  38               	.L3:
  39 000a FA01      		movw r30,r20
  40               	/* #APP */
  41               	 ;  105 "c:/winavr-20100110/lib/gcc/../../avr/include/util/delay_basic.h" 1
  42 000c 3197      		1: sbiw r30,1
  43 000e 01F4      		brne 1b
  44               	 ;  0 "" 2
  45               	/* #NOAPP */
  46               	.LBE25:
  47               	.LBE24:
  48               	.LBE23:
  49               	.LBE22:
  50               	.LM4:
  51 0010 2F5F      		subi r18,lo8(-(1))
  52 0012 3F4F      		sbci r19,hi8(-(1))
  53               	.L2:
  54 0014 2817      		cp r18,r24
  55 0016 3907      		cpc r19,r25
  56 0018 04F0      		brlt .L3
  57               	/* epilogue start */
GAS LISTING C:\Users\Bilel\AppData\Local\Temp/ccl1ozof.s 			page 2


  58               	.LBE21:
  59               	.LM5:
  60 001a 0895      		ret
  61               	.LFE6:
  62               		.size	wait, .-wait
  63               	.global	timer2init
  64               		.type	timer2init, @function
  65               	timer2init:
  66               	.LFB7:
  67               	.LM6:
  68               	/* prologue: function */
  69               	/* frame size = 0 */
  70               	.LM7:
  71 001c 8AEF      		ldi r24,lo8(-6)
  72 001e 83BD      		out 67-32,r24
  73               	.LM8:
  74 0020 87B7      		in r24,87-32
  75 0022 8068      		ori r24,lo8(-128)
  76 0024 87BF      		out 87-32,r24
  77               	.LM9:
  78 0026 8FB7      		in r24,__SREG__
  79 0028 8068      		ori r24,lo8(-128)
  80 002a 8FBF      		out __SREG__,r24
  81               	.LM10:
  82 002c 8BE0      		ldi r24,lo8(11)
  83 002e 85BD      		out 69-32,r24
  84               	/* epilogue start */
  85               	.LM11:
  86 0030 0895      		ret
  87               	.LFE7:
  88               		.size	timer2init, .-timer2init
  89               	.global	__vector_9
  90               		.type	__vector_9, @function
  91               	__vector_9:
  92               	.LFB8:
  93               	.LM12:
  94 0032 1F92      		push __zero_reg__
  95 0034 0F92      		push r0
  96 0036 0FB6      		in r0,__SREG__
  97 0038 0F92      		push r0
  98 003a 1124      		clr __zero_reg__
  99 003c 8F93      		push r24
 100 003e 9F93      		push r25
 101               	/* prologue: Signal */
 102               	/* frame size = 0 */
 103               	.LM13:
 104 0040 8091 0000 		lds r24,msCount
 105 0044 9091 0000 		lds r25,(msCount)+1
 106 0048 0196      		adiw r24,1
 107 004a 9093 0000 		sts (msCount)+1,r25
 108 004e 8093 0000 		sts msCount,r24
 109               	.LM14:
 110 0052 C297      		sbiw r24,50
 111 0054 01F4      		brne .L9
 112               	.LM15:
 113 0056 85B3      		in r24,53-32
 114 0058 91E0      		ldi r25,lo8(1)
GAS LISTING C:\Users\Bilel\AppData\Local\Temp/ccl1ozof.s 			page 3


 115 005a 8927      		eor r24,r25
 116 005c 85BB      		out 53-32,r24
 117               	.LM16:
 118 005e 1092 0000 		sts (msCount)+1,__zero_reg__
 119 0062 1092 0000 		sts msCount,__zero_reg__
 120               	.LM17:
 121 0066 8091 0000 		lds r24,seconden
 122 006a 9091 0000 		lds r25,(seconden)+1
 123 006e 0196      		adiw r24,1
 124 0070 9093 0000 		sts (seconden)+1,r25
 125 0074 8093 0000 		sts seconden,r24
 126               	.LM18:
 127 0078 CC97      		sbiw r24,60
 128 007a 01F4      		brne .L9
 129               	.LM19:
 130 007c 1092 0000 		sts (seconden)+1,__zero_reg__
 131 0080 1092 0000 		sts seconden,__zero_reg__
 132               	.LM20:
 133 0084 8091 0000 		lds r24,minuten
 134 0088 9091 0000 		lds r25,(minuten)+1
 135 008c 0196      		adiw r24,1
 136 008e 9093 0000 		sts (minuten)+1,r25
 137 0092 8093 0000 		sts minuten,r24
 138               	.LM21:
 139 0096 CC97      		sbiw r24,60
 140 0098 01F4      		brne .L9
 141               	.LM22:
 142 009a 1092 0000 		sts (minuten)+1,__zero_reg__
 143 009e 1092 0000 		sts minuten,__zero_reg__
 144               	.LM23:
 145 00a2 8091 0000 		lds r24,uren
 146 00a6 9091 0000 		lds r25,(uren)+1
 147 00aa 0196      		adiw r24,1
 148 00ac 9093 0000 		sts (uren)+1,r25
 149 00b0 8093 0000 		sts uren,r24
 150               	.L9:
 151               	/* epilogue start */
 152               	.LM24:
 153 00b4 9F91      		pop r25
 154 00b6 8F91      		pop r24
 155 00b8 0F90      		pop r0
 156 00ba 0FBE      		out __SREG__,r0
 157 00bc 0F90      		pop r0
 158 00be 1F90      		pop __zero_reg__
 159 00c0 1895      		reti
 160               	.LFE8:
 161               		.size	__vector_9, .-__vector_9
 162               	.global	main
 163               		.type	main, @function
 164               	main:
 165               	.LFB9:
 166               	.LM25:
 167               	/* prologue: function */
 168               	/* frame size = 0 */
 169               	.LM26:
 170 00c2 8FEF      		ldi r24,lo8(-1)
 171 00c4 84BB      		out 52-32,r24
GAS LISTING C:\Users\Bilel\AppData\Local\Temp/ccl1ozof.s 			page 4


 172               	.LM27:
 173 00c6 8BE0      		ldi r24,lo8(11)
 174 00c8 85BD      		out 69-32,r24
 175               	.LM28:
 176 00ca 0E94 0000 		call timer2init
 177 00ce 80E0      		ldi r24,lo8(0)
 178 00d0 90E0      		ldi r25,hi8(0)
 179               	.LVL3:
 180               	.LBB26:
 181               	.LBB27:
 182               	.LBB28:
 183               	.LBB29:
 184               	.LBB30:
 185               	.LBB31:
 186               	.LBB32:
 187               	.LM29:
 188 00d2 20ED      		ldi r18,lo8(2000)
 189 00d4 37E0      		ldi r19,hi8(2000)
 190               	.LVL4:
 191               	.L15:
 192 00d6 F901      		movw r30,r18
 193               	/* #APP */
 194               	 ;  105 "c:/winavr-20100110/lib/gcc/../../avr/include/util/delay_basic.h" 1
 195 00d8 3197      		1: sbiw r30,1
 196 00da 01F4      		brne 1b
 197               	 ;  0 "" 2
 198               	/* #NOAPP */
 199               	.LBE32:
 200               	.LBE31:
 201               	.LBE30:
 202               	.LBE29:
 203               	.LM30:
 204 00dc 0196      		adiw r24,1
 205 00de 8A30      		cpi r24,10
 206 00e0 9105      		cpc r25,__zero_reg__
 207 00e2 04F0      		brlt .L15
 208 00e4 80E0      		ldi r24,lo8(0)
 209 00e6 90E0      		ldi r25,hi8(0)
 210 00e8 00C0      		rjmp .L15
 211               	.LBE28:
 212               	.LBE27:
 213               	.LBE26:
 214               	.LFE9:
 215               		.size	main, .-main
 216               	.global	msCount
 217               	.global	msCount
 218               		.section .bss
 219               		.type	msCount, @object
 220               		.size	msCount, 2
 221               	msCount:
 222 0000 0000      		.skip 2,0
 223               	.global	seconden
 224               	.global	seconden
 225               		.type	seconden, @object
 226               		.size	seconden, 2
 227               	seconden:
 228 0002 0000      		.skip 2,0
GAS LISTING C:\Users\Bilel\AppData\Local\Temp/ccl1ozof.s 			page 5


 229               	.global	minuten
 230               	.global	minuten
 231               		.type	minuten, @object
 232               		.size	minuten, 2
 233               	minuten:
 234 0004 0000      		.skip 2,0
 235               	.global	uren
 236               	.global	uren
 237               		.type	uren, @object
 238               		.size	uren, 2
 239               	uren:
 240 0006 0000      		.skip 2,0
 241               		.section	.debug_frame,"",@progbits
 242               	.Lframe0:
 243 0000 0C00 0000 		.long	.LECIE0-.LSCIE0
 244               	.LSCIE0:
 245 0004 FFFF FFFF 		.long	0xffffffff
 246 0008 01        		.byte	0x1
 247 0009 00        		.string	""
 248 000a 01        		.uleb128 0x1
 249 000b 7F        		.sleb128 -1
 250 000c 24        		.byte	0x24
 251 000d 0C        		.byte	0xc
 252 000e 20        		.uleb128 0x20
 253 000f 00        		.uleb128 0x0
 254               		.p2align	2
 255               	.LECIE0:
 256               	.LSFDE0:
 257 0010 0C00 0000 		.long	.LEFDE0-.LASFDE0
 258               	.LASFDE0:
 259 0014 0000 0000 		.long	.Lframe0
 260 0018 0000 0000 		.long	.LFB6
 261 001c 1C00 0000 		.long	.LFE6-.LFB6
 262               		.p2align	2
 263               	.LEFDE0:
 264               	.LSFDE2:
 265 0020 0C00 0000 		.long	.LEFDE2-.LASFDE2
 266               	.LASFDE2:
 267 0024 0000 0000 		.long	.Lframe0
 268 0028 0000 0000 		.long	.LFB7
 269 002c 1600 0000 		.long	.LFE7-.LFB7
 270               		.p2align	2
 271               	.LEFDE2:
 272               	.LSFDE4:
 273 0030 0C00 0000 		.long	.LEFDE4-.LASFDE4
 274               	.LASFDE4:
 275 0034 0000 0000 		.long	.Lframe0
 276 0038 0000 0000 		.long	.LFB8
 277 003c 9000 0000 		.long	.LFE8-.LFB8
 278               		.p2align	2
 279               	.LEFDE4:
 280               	.LSFDE6:
 281 0040 0C00 0000 		.long	.LEFDE6-.LASFDE6
 282               	.LASFDE6:
 283 0044 0000 0000 		.long	.Lframe0
 284 0048 0000 0000 		.long	.LFB9
 285 004c 2800 0000 		.long	.LFE9-.LFB9
GAS LISTING C:\Users\Bilel\AppData\Local\Temp/ccl1ozof.s 			page 6


 286               		.p2align	2
 287               	.LEFDE6:
 288               		.text
 289               	.Letext0:
 290               		.section	.debug_info
 291 0000 3A02 0000 		.long	0x23a
 292 0004 0200      		.word	0x2
 293 0006 0000 0000 		.long	.Ldebug_abbrev0
 294 000a 04        		.byte	0x4
 295 000b 01        		.uleb128 0x1
 296 000c 0000 0000 		.long	.LASF18
 297 0010 01        		.byte	0x1
 298 0011 0000 0000 		.long	.LASF19
 299 0015 0000 0000 		.long	.LASF20
 300 0019 0000 0000 		.long	.Ltext0
 301 001d 0000 0000 		.long	.Letext0
 302 0021 0000 0000 		.long	.Ldebug_line0
 303 0025 02        		.uleb128 0x2
 304 0026 01        		.byte	0x1
 305 0027 06        		.byte	0x6
 306 0028 0000 0000 		.long	.LASF0
 307 002c 02        		.uleb128 0x2
 308 002d 01        		.byte	0x1
 309 002e 08        		.byte	0x8
 310 002f 0000 0000 		.long	.LASF1
 311 0033 03        		.uleb128 0x3
 312 0034 02        		.byte	0x2
 313 0035 05        		.byte	0x5
 314 0036 696E 7400 		.string	"int"
 315 003a 04        		.uleb128 0x4
 316 003b 0000 0000 		.long	.LASF21
 317 003f 04        		.byte	0x4
 318 0040 7C        		.byte	0x7c
 319 0041 4500 0000 		.long	0x45
 320 0045 02        		.uleb128 0x2
 321 0046 02        		.byte	0x2
 322 0047 07        		.byte	0x7
 323 0048 0000 0000 		.long	.LASF2
 324 004c 02        		.uleb128 0x2
 325 004d 04        		.byte	0x4
 326 004e 05        		.byte	0x5
 327 004f 0000 0000 		.long	.LASF3
 328 0053 02        		.uleb128 0x2
 329 0054 04        		.byte	0x4
 330 0055 07        		.byte	0x7
 331 0056 0000 0000 		.long	.LASF4
 332 005a 02        		.uleb128 0x2
 333 005b 08        		.byte	0x8
 334 005c 05        		.byte	0x5
 335 005d 0000 0000 		.long	.LASF5
 336 0061 02        		.uleb128 0x2
 337 0062 08        		.byte	0x8
 338 0063 07        		.byte	0x7
 339 0064 0000 0000 		.long	.LASF6
 340 0068 05        		.uleb128 0x5
 341 0069 0000 0000 		.long	.LASF7
 342 006d 02        		.byte	0x2
GAS LISTING C:\Users\Bilel\AppData\Local\Temp/ccl1ozof.s 			page 7


 343 006e 68        		.byte	0x68
 344 006f 01        		.byte	0x1
 345 0070 03        		.byte	0x3
 346 0071 8100 0000 		.long	0x81
 347 0075 06        		.uleb128 0x6
 348 0076 0000 0000 		.long	.LASF9
 349 007a 02        		.byte	0x2
 350 007b 67        		.byte	0x67
 351 007c 3A00 0000 		.long	0x3a
 352 0080 00        		.byte	0x0
 353 0081 05        		.uleb128 0x5
 354 0082 0000 0000 		.long	.LASF8
 355 0086 03        		.byte	0x3
 356 0087 6F        		.byte	0x6f
 357 0088 01        		.byte	0x1
 358 0089 03        		.byte	0x3
 359 008a B200 0000 		.long	0xb2
 360 008e 06        		.uleb128 0x6
 361 008f 0000 0000 		.long	.LASF10
 362 0093 03        		.byte	0x3
 363 0094 6E        		.byte	0x6e
 364 0095 B200 0000 		.long	0xb2
 365 0099 07        		.uleb128 0x7
 366 009a 0000 0000 		.long	.LASF11
 367 009e 03        		.byte	0x3
 368 009f 70        		.byte	0x70
 369 00a0 3A00 0000 		.long	0x3a
 370 00a4 07        		.uleb128 0x7
 371 00a5 0000 0000 		.long	.LASF12
 372 00a9 03        		.byte	0x3
 373 00aa 71        		.byte	0x71
 374 00ab B200 0000 		.long	0xb2
 375 00af 08        		.uleb128 0x8
 376 00b0 08        		.uleb128 0x8
 377 00b1 00        		.byte	0x0
 378 00b2 02        		.uleb128 0x2
 379 00b3 04        		.byte	0x4
 380 00b4 04        		.byte	0x4
 381 00b5 0000 0000 		.long	.LASF13
 382 00b9 09        		.uleb128 0x9
 383 00ba 01        		.byte	0x1
 384 00bb 0000 0000 		.long	.LASF22
 385 00bf 01        		.byte	0x1
 386 00c0 2E        		.byte	0x2e
 387 00c1 01        		.byte	0x1
 388 00c2 01        		.byte	0x1
 389 00c3 E300 0000 		.long	0xe3
 390 00c7 0A        		.uleb128 0xa
 391 00c8 6D73 00   		.string	"ms"
 392 00cb 01        		.byte	0x1
 393 00cc 24        		.byte	0x24
 394 00cd 3300 0000 		.long	0x33
 395 00d1 0B        		.uleb128 0xb
 396 00d2 0C        		.uleb128 0xc
 397 00d3 6900      		.string	"i"
 398 00d5 01        		.byte	0x1
 399 00d6 2F        		.byte	0x2f
GAS LISTING C:\Users\Bilel\AppData\Local\Temp/ccl1ozof.s 			page 8


 400 00d7 3300 0000 		.long	0x33
 401 00db 0B        		.uleb128 0xb
 402 00dc 0B        		.uleb128 0xb
 403 00dd 08        		.uleb128 0x8
 404 00de 08        		.uleb128 0x8
 405 00df 00        		.byte	0x0
 406 00e0 00        		.byte	0x0
 407 00e1 00        		.byte	0x0
 408 00e2 00        		.byte	0x0
 409 00e3 0D        		.uleb128 0xd
 410 00e4 B900 0000 		.long	0xb9
 411 00e8 0000 0000 		.long	.LFB6
 412 00ec 0000 0000 		.long	.LFE6
 413 00f0 02        		.byte	0x2
 414 00f1 90        		.byte	0x90
 415 00f2 20        		.uleb128 0x20
 416 00f3 5001 0000 		.long	0x150
 417 00f7 0E        		.uleb128 0xe
 418 00f8 C700 0000 		.long	0xc7
 419 00fc 06        		.byte	0x6
 420 00fd 68        		.byte	0x68
 421 00fe 93        		.byte	0x93
 422 00ff 01        		.uleb128 0x1
 423 0100 69        		.byte	0x69
 424 0101 93        		.byte	0x93
 425 0102 01        		.uleb128 0x1
 426 0103 0F        		.uleb128 0xf
 427 0104 0000 0000 		.long	.LBB21
 428 0108 0000 0000 		.long	.LBE21
 429 010c 10        		.uleb128 0x10
 430 010d D200 0000 		.long	0xd2
 431 0111 06        		.byte	0x6
 432 0112 62        		.byte	0x62
 433 0113 93        		.byte	0x93
 434 0114 01        		.uleb128 0x1
 435 0115 63        		.byte	0x63
 436 0116 93        		.byte	0x93
 437 0117 01        		.uleb128 0x1
 438 0118 11        		.uleb128 0x11
 439 0119 8100 0000 		.long	0x81
 440 011d 0000 0000 		.long	.LBB22
 441 0121 0000 0000 		.long	.LBE22
 442 0125 01        		.byte	0x1
 443 0126 31        		.byte	0x31
 444 0127 0F        		.uleb128 0xf
 445 0128 0000 0000 		.long	.LBB23
 446 012c 0000 0000 		.long	.LBE23
 447 0130 11        		.uleb128 0x11
 448 0131 6800 0000 		.long	0x68
 449 0135 0000 0000 		.long	.LBB24
 450 0139 0000 0000 		.long	.LBE24
 451 013d 03        		.byte	0x3
 452 013e 82        		.byte	0x82
 453 013f 0E        		.uleb128 0xe
 454 0140 7500 0000 		.long	0x75
 455 0144 06        		.byte	0x6
 456 0145 6E        		.byte	0x6e
GAS LISTING C:\Users\Bilel\AppData\Local\Temp/ccl1ozof.s 			page 9


 457 0146 93        		.byte	0x93
 458 0147 01        		.uleb128 0x1
 459 0148 6F        		.byte	0x6f
 460 0149 93        		.byte	0x93
 461 014a 01        		.uleb128 0x1
 462 014b 00        		.byte	0x0
 463 014c 00        		.byte	0x0
 464 014d 00        		.byte	0x0
 465 014e 00        		.byte	0x0
 466 014f 00        		.byte	0x0
 467 0150 12        		.uleb128 0x12
 468 0151 01        		.byte	0x1
 469 0152 0000 0000 		.long	.LASF23
 470 0156 01        		.byte	0x1
 471 0157 35        		.byte	0x35
 472 0158 0000 0000 		.long	.LFB7
 473 015c 0000 0000 		.long	.LFE7
 474 0160 02        		.byte	0x2
 475 0161 90        		.byte	0x90
 476 0162 20        		.uleb128 0x20
 477 0163 13        		.uleb128 0x13
 478 0164 01        		.byte	0x1
 479 0165 0000 0000 		.long	.LASF24
 480 0169 01        		.byte	0x1
 481 016a 48        		.byte	0x48
 482 016b 01        		.byte	0x1
 483 016c 0000 0000 		.long	.LFB8
 484 0170 0000 0000 		.long	.LFE8
 485 0174 02        		.byte	0x2
 486 0175 90        		.byte	0x90
 487 0176 20        		.uleb128 0x20
 488 0177 14        		.uleb128 0x14
 489 0178 01        		.byte	0x1
 490 0179 0000 0000 		.long	.LASF25
 491 017d 01        		.byte	0x1
 492 017e 5C        		.byte	0x5c
 493 017f 01        		.byte	0x1
 494 0180 3300 0000 		.long	0x33
 495 0184 0000 0000 		.long	.LFB9
 496 0188 0000 0000 		.long	.LFE9
 497 018c 02        		.byte	0x2
 498 018d 90        		.byte	0x90
 499 018e 20        		.uleb128 0x20
 500 018f F501 0000 		.long	0x1f5
 501 0193 11        		.uleb128 0x11
 502 0194 B900 0000 		.long	0xb9
 503 0198 0000 0000 		.long	.LBB26
 504 019c 0000 0000 		.long	.LBE26
 505 01a0 01        		.byte	0x1
 506 01a1 64        		.byte	0x64
 507 01a2 15        		.uleb128 0x15
 508 01a3 F700 0000 		.long	0xf7
 509 01a7 0F        		.uleb128 0xf
 510 01a8 0000 0000 		.long	.LBB28
 511 01ac 0000 0000 		.long	.LBE28
 512 01b0 10        		.uleb128 0x10
 513 01b1 D200 0000 		.long	0xd2
GAS LISTING C:\Users\Bilel\AppData\Local\Temp/ccl1ozof.s 			page 10


 514 01b5 06        		.byte	0x6
 515 01b6 68        		.byte	0x68
 516 01b7 93        		.byte	0x93
 517 01b8 01        		.uleb128 0x1
 518 01b9 69        		.byte	0x69
 519 01ba 93        		.byte	0x93
 520 01bb 01        		.uleb128 0x1
 521 01bc 11        		.uleb128 0x11
 522 01bd 8100 0000 		.long	0x81
 523 01c1 0000 0000 		.long	.LBB29
 524 01c5 0000 0000 		.long	.LBE29
 525 01c9 01        		.byte	0x1
 526 01ca 31        		.byte	0x31
 527 01cb 0F        		.uleb128 0xf
 528 01cc 0000 0000 		.long	.LBB30
 529 01d0 0000 0000 		.long	.LBE30
 530 01d4 11        		.uleb128 0x11
 531 01d5 6800 0000 		.long	0x68
 532 01d9 0000 0000 		.long	.LBB31
 533 01dd 0000 0000 		.long	.LBE31
 534 01e1 03        		.byte	0x3
 535 01e2 82        		.byte	0x82
 536 01e3 0E        		.uleb128 0xe
 537 01e4 7500 0000 		.long	0x75
 538 01e8 06        		.byte	0x6
 539 01e9 6E        		.byte	0x6e
 540 01ea 93        		.byte	0x93
 541 01eb 01        		.uleb128 0x1
 542 01ec 6F        		.byte	0x6f
 543 01ed 93        		.byte	0x93
 544 01ee 01        		.uleb128 0x1
 545 01ef 00        		.byte	0x0
 546 01f0 00        		.byte	0x0
 547 01f1 00        		.byte	0x0
 548 01f2 00        		.byte	0x0
 549 01f3 00        		.byte	0x0
 550 01f4 00        		.byte	0x0
 551 01f5 16        		.uleb128 0x16
 552 01f6 0000 0000 		.long	.LASF14
 553 01fa 01        		.byte	0x1
 554 01fb 1E        		.byte	0x1e
 555 01fc 3300 0000 		.long	0x33
 556 0200 01        		.byte	0x1
 557 0201 05        		.byte	0x5
 558 0202 03        		.byte	0x3
 559 0203 0000 0000 		.long	msCount
 560 0207 16        		.uleb128 0x16
 561 0208 0000 0000 		.long	.LASF15
 562 020c 01        		.byte	0x1
 563 020d 1F        		.byte	0x1f
 564 020e 3300 0000 		.long	0x33
 565 0212 01        		.byte	0x1
 566 0213 05        		.byte	0x5
 567 0214 03        		.byte	0x3
 568 0215 0000 0000 		.long	seconden
 569 0219 16        		.uleb128 0x16
 570 021a 0000 0000 		.long	.LASF16
GAS LISTING C:\Users\Bilel\AppData\Local\Temp/ccl1ozof.s 			page 11


 571 021e 01        		.byte	0x1
 572 021f 20        		.byte	0x20
 573 0220 3300 0000 		.long	0x33
 574 0224 01        		.byte	0x1
 575 0225 05        		.byte	0x5
 576 0226 03        		.byte	0x3
 577 0227 0000 0000 		.long	minuten
 578 022b 16        		.uleb128 0x16
 579 022c 0000 0000 		.long	.LASF17
 580 0230 01        		.byte	0x1
 581 0231 21        		.byte	0x21
 582 0232 3300 0000 		.long	0x33
 583 0236 01        		.byte	0x1
 584 0237 05        		.byte	0x5
 585 0238 03        		.byte	0x3
 586 0239 0000 0000 		.long	uren
 587 023d 00        		.byte	0x0
 588               		.section	.debug_abbrev
 589 0000 01        		.uleb128 0x1
 590 0001 11        		.uleb128 0x11
 591 0002 01        		.byte	0x1
 592 0003 25        		.uleb128 0x25
 593 0004 0E        		.uleb128 0xe
 594 0005 13        		.uleb128 0x13
 595 0006 0B        		.uleb128 0xb
 596 0007 03        		.uleb128 0x3
 597 0008 0E        		.uleb128 0xe
 598 0009 1B        		.uleb128 0x1b
 599 000a 0E        		.uleb128 0xe
 600 000b 11        		.uleb128 0x11
 601 000c 01        		.uleb128 0x1
 602 000d 12        		.uleb128 0x12
 603 000e 01        		.uleb128 0x1
 604 000f 10        		.uleb128 0x10
 605 0010 06        		.uleb128 0x6
 606 0011 00        		.byte	0x0
 607 0012 00        		.byte	0x0
 608 0013 02        		.uleb128 0x2
 609 0014 24        		.uleb128 0x24
 610 0015 00        		.byte	0x0
 611 0016 0B        		.uleb128 0xb
 612 0017 0B        		.uleb128 0xb
 613 0018 3E        		.uleb128 0x3e
 614 0019 0B        		.uleb128 0xb
 615 001a 03        		.uleb128 0x3
 616 001b 0E        		.uleb128 0xe
 617 001c 00        		.byte	0x0
 618 001d 00        		.byte	0x0
 619 001e 03        		.uleb128 0x3
 620 001f 24        		.uleb128 0x24
 621 0020 00        		.byte	0x0
 622 0021 0B        		.uleb128 0xb
 623 0022 0B        		.uleb128 0xb
 624 0023 3E        		.uleb128 0x3e
 625 0024 0B        		.uleb128 0xb
 626 0025 03        		.uleb128 0x3
 627 0026 08        		.uleb128 0x8
GAS LISTING C:\Users\Bilel\AppData\Local\Temp/ccl1ozof.s 			page 12


 628 0027 00        		.byte	0x0
 629 0028 00        		.byte	0x0
 630 0029 04        		.uleb128 0x4
 631 002a 16        		.uleb128 0x16
 632 002b 00        		.byte	0x0
 633 002c 03        		.uleb128 0x3
 634 002d 0E        		.uleb128 0xe
 635 002e 3A        		.uleb128 0x3a
 636 002f 0B        		.uleb128 0xb
 637 0030 3B        		.uleb128 0x3b
 638 0031 0B        		.uleb128 0xb
 639 0032 49        		.uleb128 0x49
 640 0033 13        		.uleb128 0x13
 641 0034 00        		.byte	0x0
 642 0035 00        		.byte	0x0
 643 0036 05        		.uleb128 0x5
 644 0037 2E        		.uleb128 0x2e
 645 0038 01        		.byte	0x1
 646 0039 03        		.uleb128 0x3
 647 003a 0E        		.uleb128 0xe
 648 003b 3A        		.uleb128 0x3a
 649 003c 0B        		.uleb128 0xb
 650 003d 3B        		.uleb128 0x3b
 651 003e 0B        		.uleb128 0xb
 652 003f 27        		.uleb128 0x27
 653 0040 0C        		.uleb128 0xc
 654 0041 20        		.uleb128 0x20
 655 0042 0B        		.uleb128 0xb
 656 0043 01        		.uleb128 0x1
 657 0044 13        		.uleb128 0x13
 658 0045 00        		.byte	0x0
 659 0046 00        		.byte	0x0
 660 0047 06        		.uleb128 0x6
 661 0048 05        		.uleb128 0x5
 662 0049 00        		.byte	0x0
 663 004a 03        		.uleb128 0x3
 664 004b 0E        		.uleb128 0xe
 665 004c 3A        		.uleb128 0x3a
 666 004d 0B        		.uleb128 0xb
 667 004e 3B        		.uleb128 0x3b
 668 004f 0B        		.uleb128 0xb
 669 0050 49        		.uleb128 0x49
 670 0051 13        		.uleb128 0x13
 671 0052 00        		.byte	0x0
 672 0053 00        		.byte	0x0
 673 0054 07        		.uleb128 0x7
 674 0055 34        		.uleb128 0x34
 675 0056 00        		.byte	0x0
 676 0057 03        		.uleb128 0x3
 677 0058 0E        		.uleb128 0xe
 678 0059 3A        		.uleb128 0x3a
 679 005a 0B        		.uleb128 0xb
 680 005b 3B        		.uleb128 0x3b
 681 005c 0B        		.uleb128 0xb
 682 005d 49        		.uleb128 0x49
 683 005e 13        		.uleb128 0x13
 684 005f 00        		.byte	0x0
GAS LISTING C:\Users\Bilel\AppData\Local\Temp/ccl1ozof.s 			page 13


 685 0060 00        		.byte	0x0
 686 0061 08        		.uleb128 0x8
 687 0062 0B        		.uleb128 0xb
 688 0063 00        		.byte	0x0
 689 0064 00        		.byte	0x0
 690 0065 00        		.byte	0x0
 691 0066 09        		.uleb128 0x9
 692 0067 2E        		.uleb128 0x2e
 693 0068 01        		.byte	0x1
 694 0069 3F        		.uleb128 0x3f
 695 006a 0C        		.uleb128 0xc
 696 006b 03        		.uleb128 0x3
 697 006c 0E        		.uleb128 0xe
 698 006d 3A        		.uleb128 0x3a
 699 006e 0B        		.uleb128 0xb
 700 006f 3B        		.uleb128 0x3b
 701 0070 0B        		.uleb128 0xb
 702 0071 27        		.uleb128 0x27
 703 0072 0C        		.uleb128 0xc
 704 0073 20        		.uleb128 0x20
 705 0074 0B        		.uleb128 0xb
 706 0075 01        		.uleb128 0x1
 707 0076 13        		.uleb128 0x13
 708 0077 00        		.byte	0x0
 709 0078 00        		.byte	0x0
 710 0079 0A        		.uleb128 0xa
 711 007a 05        		.uleb128 0x5
 712 007b 00        		.byte	0x0
 713 007c 03        		.uleb128 0x3
 714 007d 08        		.uleb128 0x8
 715 007e 3A        		.uleb128 0x3a
 716 007f 0B        		.uleb128 0xb
 717 0080 3B        		.uleb128 0x3b
 718 0081 0B        		.uleb128 0xb
 719 0082 49        		.uleb128 0x49
 720 0083 13        		.uleb128 0x13
 721 0084 00        		.byte	0x0
 722 0085 00        		.byte	0x0
 723 0086 0B        		.uleb128 0xb
 724 0087 0B        		.uleb128 0xb
 725 0088 01        		.byte	0x1
 726 0089 00        		.byte	0x0
 727 008a 00        		.byte	0x0
 728 008b 0C        		.uleb128 0xc
 729 008c 34        		.uleb128 0x34
 730 008d 00        		.byte	0x0
 731 008e 03        		.uleb128 0x3
 732 008f 08        		.uleb128 0x8
 733 0090 3A        		.uleb128 0x3a
 734 0091 0B        		.uleb128 0xb
 735 0092 3B        		.uleb128 0x3b
 736 0093 0B        		.uleb128 0xb
 737 0094 49        		.uleb128 0x49
 738 0095 13        		.uleb128 0x13
 739 0096 00        		.byte	0x0
 740 0097 00        		.byte	0x0
 741 0098 0D        		.uleb128 0xd
GAS LISTING C:\Users\Bilel\AppData\Local\Temp/ccl1ozof.s 			page 14


 742 0099 2E        		.uleb128 0x2e
 743 009a 01        		.byte	0x1
 744 009b 31        		.uleb128 0x31
 745 009c 13        		.uleb128 0x13
 746 009d 11        		.uleb128 0x11
 747 009e 01        		.uleb128 0x1
 748 009f 12        		.uleb128 0x12
 749 00a0 01        		.uleb128 0x1
 750 00a1 40        		.uleb128 0x40
 751 00a2 0A        		.uleb128 0xa
 752 00a3 01        		.uleb128 0x1
 753 00a4 13        		.uleb128 0x13
 754 00a5 00        		.byte	0x0
 755 00a6 00        		.byte	0x0
 756 00a7 0E        		.uleb128 0xe
 757 00a8 05        		.uleb128 0x5
 758 00a9 00        		.byte	0x0
 759 00aa 31        		.uleb128 0x31
 760 00ab 13        		.uleb128 0x13
 761 00ac 02        		.uleb128 0x2
 762 00ad 0A        		.uleb128 0xa
 763 00ae 00        		.byte	0x0
 764 00af 00        		.byte	0x0
 765 00b0 0F        		.uleb128 0xf
 766 00b1 0B        		.uleb128 0xb
 767 00b2 01        		.byte	0x1
 768 00b3 11        		.uleb128 0x11
 769 00b4 01        		.uleb128 0x1
 770 00b5 12        		.uleb128 0x12
 771 00b6 01        		.uleb128 0x1
 772 00b7 00        		.byte	0x0
 773 00b8 00        		.byte	0x0
 774 00b9 10        		.uleb128 0x10
 775 00ba 34        		.uleb128 0x34
 776 00bb 00        		.byte	0x0
 777 00bc 31        		.uleb128 0x31
 778 00bd 13        		.uleb128 0x13
 779 00be 02        		.uleb128 0x2
 780 00bf 0A        		.uleb128 0xa
 781 00c0 00        		.byte	0x0
 782 00c1 00        		.byte	0x0
 783 00c2 11        		.uleb128 0x11
 784 00c3 1D        		.uleb128 0x1d
 785 00c4 01        		.byte	0x1
 786 00c5 31        		.uleb128 0x31
 787 00c6 13        		.uleb128 0x13
 788 00c7 11        		.uleb128 0x11
 789 00c8 01        		.uleb128 0x1
 790 00c9 12        		.uleb128 0x12
 791 00ca 01        		.uleb128 0x1
 792 00cb 58        		.uleb128 0x58
 793 00cc 0B        		.uleb128 0xb
 794 00cd 59        		.uleb128 0x59
 795 00ce 0B        		.uleb128 0xb
 796 00cf 00        		.byte	0x0
 797 00d0 00        		.byte	0x0
 798 00d1 12        		.uleb128 0x12
GAS LISTING C:\Users\Bilel\AppData\Local\Temp/ccl1ozof.s 			page 15


 799 00d2 2E        		.uleb128 0x2e
 800 00d3 00        		.byte	0x0
 801 00d4 3F        		.uleb128 0x3f
 802 00d5 0C        		.uleb128 0xc
 803 00d6 03        		.uleb128 0x3
 804 00d7 0E        		.uleb128 0xe
 805 00d8 3A        		.uleb128 0x3a
 806 00d9 0B        		.uleb128 0xb
 807 00da 3B        		.uleb128 0x3b
 808 00db 0B        		.uleb128 0xb
 809 00dc 11        		.uleb128 0x11
 810 00dd 01        		.uleb128 0x1
 811 00de 12        		.uleb128 0x12
 812 00df 01        		.uleb128 0x1
 813 00e0 40        		.uleb128 0x40
 814 00e1 0A        		.uleb128 0xa
 815 00e2 00        		.byte	0x0
 816 00e3 00        		.byte	0x0
 817 00e4 13        		.uleb128 0x13
 818 00e5 2E        		.uleb128 0x2e
 819 00e6 00        		.byte	0x0
 820 00e7 3F        		.uleb128 0x3f
 821 00e8 0C        		.uleb128 0xc
 822 00e9 03        		.uleb128 0x3
 823 00ea 0E        		.uleb128 0xe
 824 00eb 3A        		.uleb128 0x3a
 825 00ec 0B        		.uleb128 0xb
 826 00ed 3B        		.uleb128 0x3b
 827 00ee 0B        		.uleb128 0xb
 828 00ef 27        		.uleb128 0x27
 829 00f0 0C        		.uleb128 0xc
 830 00f1 11        		.uleb128 0x11
 831 00f2 01        		.uleb128 0x1
 832 00f3 12        		.uleb128 0x12
 833 00f4 01        		.uleb128 0x1
 834 00f5 40        		.uleb128 0x40
 835 00f6 0A        		.uleb128 0xa
 836 00f7 00        		.byte	0x0
 837 00f8 00        		.byte	0x0
 838 00f9 14        		.uleb128 0x14
 839 00fa 2E        		.uleb128 0x2e
 840 00fb 01        		.byte	0x1
 841 00fc 3F        		.uleb128 0x3f
 842 00fd 0C        		.uleb128 0xc
 843 00fe 03        		.uleb128 0x3
 844 00ff 0E        		.uleb128 0xe
 845 0100 3A        		.uleb128 0x3a
 846 0101 0B        		.uleb128 0xb
 847 0102 3B        		.uleb128 0x3b
 848 0103 0B        		.uleb128 0xb
 849 0104 27        		.uleb128 0x27
 850 0105 0C        		.uleb128 0xc
 851 0106 49        		.uleb128 0x49
 852 0107 13        		.uleb128 0x13
 853 0108 11        		.uleb128 0x11
 854 0109 01        		.uleb128 0x1
 855 010a 12        		.uleb128 0x12
GAS LISTING C:\Users\Bilel\AppData\Local\Temp/ccl1ozof.s 			page 16


 856 010b 01        		.uleb128 0x1
 857 010c 40        		.uleb128 0x40
 858 010d 0A        		.uleb128 0xa
 859 010e 01        		.uleb128 0x1
 860 010f 13        		.uleb128 0x13
 861 0110 00        		.byte	0x0
 862 0111 00        		.byte	0x0
 863 0112 15        		.uleb128 0x15
 864 0113 05        		.uleb128 0x5
 865 0114 00        		.byte	0x0
 866 0115 31        		.uleb128 0x31
 867 0116 13        		.uleb128 0x13
 868 0117 00        		.byte	0x0
 869 0118 00        		.byte	0x0
 870 0119 16        		.uleb128 0x16
 871 011a 34        		.uleb128 0x34
 872 011b 00        		.byte	0x0
 873 011c 03        		.uleb128 0x3
 874 011d 0E        		.uleb128 0xe
 875 011e 3A        		.uleb128 0x3a
 876 011f 0B        		.uleb128 0xb
 877 0120 3B        		.uleb128 0x3b
 878 0121 0B        		.uleb128 0xb
 879 0122 49        		.uleb128 0x49
 880 0123 13        		.uleb128 0x13
 881 0124 3F        		.uleb128 0x3f
 882 0125 0C        		.uleb128 0xc
 883 0126 02        		.uleb128 0x2
 884 0127 0A        		.uleb128 0xa
 885 0128 00        		.byte	0x0
 886 0129 00        		.byte	0x0
 887 012a 00        		.byte	0x0
 888               		.section	.debug_pubnames,"",@progbits
 889 0000 6C00 0000 		.long	0x6c
 890 0004 0200      		.word	0x2
 891 0006 0000 0000 		.long	.Ldebug_info0
 892 000a 3E02 0000 		.long	0x23e
 893 000e E300 0000 		.long	0xe3
 894 0012 7761 6974 		.string	"wait"
 894      00
 895 0017 5001 0000 		.long	0x150
 896 001b 7469 6D65 		.string	"timer2init"
 896      7232 696E 
 896      6974 00
 897 0026 6301 0000 		.long	0x163
 898 002a 5F5F 7665 		.string	"__vector_9"
 898      6374 6F72 
 898      5F39 00
 899 0035 7701 0000 		.long	0x177
 900 0039 6D61 696E 		.string	"main"
 900      00
 901 003e F501 0000 		.long	0x1f5
 902 0042 6D73 436F 		.string	"msCount"
 902      756E 7400 
 903 004a 0702 0000 		.long	0x207
 904 004e 7365 636F 		.string	"seconden"
 904      6E64 656E 
GAS LISTING C:\Users\Bilel\AppData\Local\Temp/ccl1ozof.s 			page 17


 904      00
 905 0057 1902 0000 		.long	0x219
 906 005b 6D69 6E75 		.string	"minuten"
 906      7465 6E00 
 907 0063 2B02 0000 		.long	0x22b
 908 0067 7572 656E 		.string	"uren"
 908      00
 909 006c 0000 0000 		.long	0x0
 910               		.section	.debug_aranges,"",@progbits
 911 0000 1C00 0000 		.long	0x1c
 912 0004 0200      		.word	0x2
 913 0006 0000 0000 		.long	.Ldebug_info0
 914 000a 04        		.byte	0x4
 915 000b 00        		.byte	0x0
 916 000c 0000      		.word	0x0
 917 000e 0000      		.word	0x0
 918 0010 0000 0000 		.long	.Ltext0
 919 0014 EA00 0000 		.long	.Letext0-.Ltext0
 920 0018 0000 0000 		.long	0x0
 921 001c 0000 0000 		.long	0x0
 922               		.section	.debug_line
 923 0000 B701 0000 		.long	.LELT0-.LSLT0
 924               	.LSLT0:
 925 0004 0200      		.word	0x2
 926 0006 AB00 0000 		.long	.LELTP0-.LASLTP0
 927               	.LASLTP0:
 928 000a 01        		.byte	0x1
 929 000b 01        		.byte	0x1
 930 000c F6        		.byte	0xf6
 931 000d F5        		.byte	0xf5
 932 000e 0A        		.byte	0xa
 933 000f 00        		.byte	0x0
 934 0010 01        		.byte	0x1
 935 0011 01        		.byte	0x1
 936 0012 01        		.byte	0x1
 937 0013 01        		.byte	0x1
 938 0014 00        		.byte	0x0
 939 0015 00        		.byte	0x0
 940 0016 00        		.byte	0x0
 941 0017 01        		.byte	0x1
 942 0018 633A 2F77 		.ascii	"c:/winavr-20100110/lib/gcc/../../avr/include"
 942      696E 6176 
 942      722D 3230 
 942      3130 3031 
 942      3130 2F6C 
 943 0044 00        		.byte	0
 944 0045 633A 2F77 		.ascii	"c:/winavr-20100110/lib/gcc/../../avr/include/util"
 944      696E 6176 
 944      722D 3230 
 944      3130 3031 
 944      3130 2F6C 
 945 0076 00        		.byte	0
 946 0077 00        		.byte	0x0
 947 0078 6D61 696E 		.string	"main.c"
 947      2E63 00
 948 007f 00        		.uleb128 0x0
 949 0080 00        		.uleb128 0x0
GAS LISTING C:\Users\Bilel\AppData\Local\Temp/ccl1ozof.s 			page 18


 950 0081 00        		.uleb128 0x0
 951 0082 7574 696C 		.string	"util/delay_basic.h"
 951      2F64 656C 
 951      6179 5F62 
 951      6173 6963 
 951      2E68 00
 952 0095 01        		.uleb128 0x1
 953 0096 00        		.uleb128 0x0
 954 0097 00        		.uleb128 0x0
 955 0098 7574 696C 		.string	"util/delay.h"
 955      2F64 656C 
 955      6179 2E68 
 955      00
 956 00a5 01        		.uleb128 0x1
 957 00a6 00        		.uleb128 0x0
 958 00a7 00        		.uleb128 0x0
 959 00a8 7374 6469 		.string	"stdint.h"
 959      6E74 2E68 
 959      00
 960 00b1 01        		.uleb128 0x1
 961 00b2 00        		.uleb128 0x0
 962 00b3 00        		.uleb128 0x0
 963 00b4 00        		.byte	0x0
 964               	.LELTP0:
 965 00b5 00        		.byte	0x0
 966 00b6 05        		.uleb128 0x5
 967 00b7 02        		.byte	0x2
 968 00b8 0000 0000 		.long	.LM1
 969 00bc 41        		.byte	0x41
 970 00bd 00        		.byte	0x0
 971 00be 05        		.uleb128 0x5
 972 00bf 02        		.byte	0x2
 973 00c0 0000 0000 		.long	.LM2
 974 00c4 01        		.byte	0x1
 975 00c5 00        		.byte	0x0
 976 00c6 05        		.uleb128 0x5
 977 00c7 02        		.byte	0x2
 978 00c8 0000 0000 		.long	.LM3
 979 00cc 04        		.byte	0x4
 980 00cd 02        		.uleb128 0x2
 981 00ce 4F        		.byte	0x4f
 982 00cf 00        		.byte	0x0
 983 00d0 05        		.uleb128 0x5
 984 00d1 02        		.byte	0x2
 985 00d2 0000 0000 		.long	.LM4
 986 00d6 04        		.byte	0x4
 987 00d7 01        		.uleb128 0x1
 988 00d8 03        		.byte	0x3
 989 00d9 46        		.sleb128 -58
 990 00da 01        		.byte	0x1
 991 00db 00        		.byte	0x0
 992 00dc 05        		.uleb128 0x5
 993 00dd 02        		.byte	0x2
 994 00de 0000 0000 		.long	.LM5
 995 00e2 18        		.byte	0x18
 996 00e3 00        		.byte	0x0
 997 00e4 05        		.uleb128 0x5
GAS LISTING C:\Users\Bilel\AppData\Local\Temp/ccl1ozof.s 			page 19


 998 00e5 02        		.byte	0x2
 999 00e6 0000 0000 		.long	.LM6
 1000 00ea 16        		.byte	0x16
 1001 00eb 00        		.byte	0x0
 1002 00ec 05        		.uleb128 0x5
 1003 00ed 02        		.byte	0x2
 1004 00ee 0000 0000 		.long	.LM7
 1005 00f2 15        		.byte	0x15
 1006 00f3 00        		.byte	0x0
 1007 00f4 05        		.uleb128 0x5
 1008 00f5 02        		.byte	0x2
 1009 00f6 0000 0000 		.long	.LM8
 1010 00fa 15        		.byte	0x15
 1011 00fb 00        		.byte	0x0
 1012 00fc 05        		.uleb128 0x5
 1013 00fd 02        		.byte	0x2
 1014 00fe 0000 0000 		.long	.LM9
 1015 0102 15        		.byte	0x15
 1016 0103 00        		.byte	0x0
 1017 0104 05        		.uleb128 0x5
 1018 0105 02        		.byte	0x2
 1019 0106 0000 0000 		.long	.LM10
 1020 010a 15        		.byte	0x15
 1021 010b 00        		.byte	0x0
 1022 010c 05        		.uleb128 0x5
 1023 010d 02        		.byte	0x2
 1024 010e 0000 0000 		.long	.LM11
 1025 0112 15        		.byte	0x15
 1026 0113 00        		.byte	0x0
 1027 0114 05        		.uleb128 0x5
 1028 0115 02        		.byte	0x2
 1029 0116 0000 0000 		.long	.LM12
 1030 011a 22        		.byte	0x22
 1031 011b 00        		.byte	0x0
 1032 011c 05        		.uleb128 0x5
 1033 011d 02        		.byte	0x2
 1034 011e 0000 0000 		.long	.LM13
 1035 0122 15        		.byte	0x15
 1036 0123 00        		.byte	0x0
 1037 0124 05        		.uleb128 0x5
 1038 0125 02        		.byte	0x2
 1039 0126 0000 0000 		.long	.LM14
 1040 012a 16        		.byte	0x16
 1041 012b 00        		.byte	0x0
 1042 012c 05        		.uleb128 0x5
 1043 012d 02        		.byte	0x2
 1044 012e 0000 0000 		.long	.LM15
 1045 0132 15        		.byte	0x15
 1046 0133 00        		.byte	0x0
 1047 0134 05        		.uleb128 0x5
 1048 0135 02        		.byte	0x2
 1049 0136 0000 0000 		.long	.LM16
 1050 013a 15        		.byte	0x15
 1051 013b 00        		.byte	0x0
 1052 013c 05        		.uleb128 0x5
 1053 013d 02        		.byte	0x2
 1054 013e 0000 0000 		.long	.LM17
GAS LISTING C:\Users\Bilel\AppData\Local\Temp/ccl1ozof.s 			page 20


 1055 0142 15        		.byte	0x15
 1056 0143 00        		.byte	0x0
 1057 0144 05        		.uleb128 0x5
 1058 0145 02        		.byte	0x2
 1059 0146 0000 0000 		.long	.LM18
 1060 014a 16        		.byte	0x16
 1061 014b 00        		.byte	0x0
 1062 014c 05        		.uleb128 0x5
 1063 014d 02        		.byte	0x2
 1064 014e 0000 0000 		.long	.LM19
 1065 0152 15        		.byte	0x15
 1066 0153 00        		.byte	0x0
 1067 0154 05        		.uleb128 0x5
 1068 0155 02        		.byte	0x2
 1069 0156 0000 0000 		.long	.LM20
 1070 015a 15        		.byte	0x15
 1071 015b 00        		.byte	0x0
 1072 015c 05        		.uleb128 0x5
 1073 015d 02        		.byte	0x2
 1074 015e 0000 0000 		.long	.LM21
 1075 0162 16        		.byte	0x16
 1076 0163 00        		.byte	0x0
 1077 0164 05        		.uleb128 0x5
 1078 0165 02        		.byte	0x2
 1079 0166 0000 0000 		.long	.LM22
 1080 016a 15        		.byte	0x15
 1081 016b 00        		.byte	0x0
 1082 016c 05        		.uleb128 0x5
 1083 016d 02        		.byte	0x2
 1084 016e 0000 0000 		.long	.LM23
 1085 0172 15        		.byte	0x15
 1086 0173 00        		.byte	0x0
 1087 0174 05        		.uleb128 0x5
 1088 0175 02        		.byte	0x2
 1089 0176 0000 0000 		.long	.LM24
 1090 017a 18        		.byte	0x18
 1091 017b 00        		.byte	0x0
 1092 017c 05        		.uleb128 0x5
 1093 017d 02        		.byte	0x2
 1094 017e 0000 0000 		.long	.LM25
 1095 0182 16        		.byte	0x16
 1096 0183 00        		.byte	0x0
 1097 0184 05        		.uleb128 0x5
 1098 0185 02        		.byte	0x2
 1099 0186 0000 0000 		.long	.LM26
 1100 018a 15        		.byte	0x15
 1101 018b 00        		.byte	0x0
 1102 018c 05        		.uleb128 0x5
 1103 018d 02        		.byte	0x2
 1104 018e 0000 0000 		.long	.LM27
 1105 0192 15        		.byte	0x15
 1106 0193 00        		.byte	0x0
 1107 0194 05        		.uleb128 0x5
 1108 0195 02        		.byte	0x2
 1109 0196 0000 0000 		.long	.LM28
 1110 019a 16        		.byte	0x16
 1111 019b 00        		.byte	0x0
GAS LISTING C:\Users\Bilel\AppData\Local\Temp/ccl1ozof.s 			page 21


 1112 019c 05        		.uleb128 0x5
 1113 019d 02        		.byte	0x2
 1114 019e 0000 0000 		.long	.LM29
 1115 01a2 04        		.byte	0x4
 1116 01a3 02        		.uleb128 0x2
 1117 01a4 1D        		.byte	0x1d
 1118 01a5 00        		.byte	0x0
 1119 01a6 05        		.uleb128 0x5
 1120 01a7 02        		.byte	0x2
 1121 01a8 0000 0000 		.long	.LM30
 1122 01ac 04        		.byte	0x4
 1123 01ad 01        		.uleb128 0x1
 1124 01ae 03        		.byte	0x3
 1125 01af 46        		.sleb128 -58
 1126 01b0 01        		.byte	0x1
 1127 01b1 00        		.byte	0x0
 1128 01b2 05        		.uleb128 0x5
 1129 01b3 02        		.byte	0x2
 1130 01b4 0000 0000 		.long	.Letext0
 1131 01b8 00        		.byte	0x0
 1132 01b9 01        		.uleb128 0x1
 1133 01ba 01        		.byte	0x1
 1134               	.LELT0:
 1135 01bb 1600 0000 		.section	.debug_str,"MS",@progbits,1
 1135      0200 1000 
 1135      0000 0101 
 1135      FB0E 0A00 
 1135      0101 0101 
 1136               	.LASF15:
 1137 0000 7365 636F 		.string	"seconden"
 1137      6E64 656E 
 1137      00
 1138               	.LASF1:
 1139 0009 756E 7369 		.string	"unsigned char"
 1139      676E 6564 
 1139      2063 6861 
 1139      7200 
 1140               	.LASF23:
 1141 0017 7469 6D65 		.string	"timer2init"
 1141      7232 696E 
 1141      6974 00
 1142               	.LASF7:
 1143 0022 5F64 656C 		.string	"_delay_loop_2"
 1143      6179 5F6C 
 1143      6F6F 705F 
 1143      3200 
 1144               	.LASF4:
 1145 0030 6C6F 6E67 		.string	"long unsigned int"
 1145      2075 6E73 
 1145      6967 6E65 
 1145      6420 696E 
 1145      7400 
 1146               	.LASF8:
 1147 0042 5F64 656C 		.string	"_delay_ms"
 1147      6179 5F6D 
 1147      7300 
 1148               	.LASF18:
GAS LISTING C:\Users\Bilel\AppData\Local\Temp/ccl1ozof.s 			page 22


 1149 004c 474E 5520 		.string	"GNU C 4.3.3"
 1149      4320 342E 
 1149      332E 3300 
 1150               	.LASF13:
 1151 0058 646F 7562 		.string	"double"
 1151      6C65 00
 1152               	.LASF12:
 1153 005f 5F5F 746D 		.string	"__tmp"
 1153      7000 
 1154               	.LASF25:
 1155 0065 6D61 696E 		.string	"main"
 1155      00
 1156               	.LASF14:
 1157 006a 6D73 436F 		.string	"msCount"
 1157      756E 7400 
 1158               	.LASF16:
 1159 0072 6D69 6E75 		.string	"minuten"
 1159      7465 6E00 
 1160               	.LASF22:
 1161 007a 7761 6974 		.string	"wait"
 1161      00
 1162               	.LASF2:
 1163 007f 756E 7369 		.string	"unsigned int"
 1163      676E 6564 
 1163      2069 6E74 
 1163      00
 1164               	.LASF6:
 1165 008c 6C6F 6E67 		.string	"long long unsigned int"
 1165      206C 6F6E 
 1165      6720 756E 
 1165      7369 676E 
 1165      6564 2069 
 1166               	.LASF5:
 1167 00a3 6C6F 6E67 		.string	"long long int"
 1167      206C 6F6E 
 1167      6720 696E 
 1167      7400 
 1168               	.LASF19:
 1169 00b1 6D61 696E 		.string	"main.c"
 1169      2E63 00
 1170               	.LASF9:
 1171 00b8 5F5F 636F 		.string	"__count"
 1171      756E 7400 
 1172               	.LASF21:
 1173 00c0 7569 6E74 		.string	"uint16_t"
 1173      3136 5F74 
 1173      00
 1174               	.LASF11:
 1175 00c9 5F5F 7469 		.string	"__ticks"
 1175      636B 7300 
 1176               	.LASF17:
 1177 00d1 7572 656E 		.string	"uren"
 1177      00
 1178               	.LASF3:
 1179 00d6 6C6F 6E67 		.string	"long int"
 1179      2069 6E74 
 1179      00
GAS LISTING C:\Users\Bilel\AppData\Local\Temp/ccl1ozof.s 			page 23


 1180               	.LASF24:
 1181 00df 5F5F 7665 		.string	"__vector_9"
 1181      6374 6F72 
 1181      5F39 00
 1182               	.LASF0:
 1183 00ea 7369 676E 		.string	"signed char"
 1183      6564 2063 
 1183      6861 7200 
 1184               	.LASF20:
 1185 00f6 433A 5C55 		.string	"C:\\Users\\Bilel\\Documents\\GitHub\\MicroControllers\\week 3\\b3"
 1185      7365 7273 
 1185      5C42 696C 
 1185      656C 5C44 
 1185      6F63 756D 
 1186               	.LASF10:
 1187 0131 5F5F 6D73 		.string	"__ms"
 1187      00
 1188               	.global __do_clear_bss
GAS LISTING C:\Users\Bilel\AppData\Local\Temp/ccl1ozof.s 			page 24


DEFINED SYMBOLS
                            *ABS*:00000000 main.c
C:\Users\Bilel\AppData\Local\Temp/ccl1ozof.s:2      *ABS*:0000003f __SREG__
C:\Users\Bilel\AppData\Local\Temp/ccl1ozof.s:3      *ABS*:0000003e __SP_H__
C:\Users\Bilel\AppData\Local\Temp/ccl1ozof.s:4      *ABS*:0000003d __SP_L__
C:\Users\Bilel\AppData\Local\Temp/ccl1ozof.s:5      *ABS*:00000034 __CCP__
C:\Users\Bilel\AppData\Local\Temp/ccl1ozof.s:6      *ABS*:00000000 __tmp_reg__
C:\Users\Bilel\AppData\Local\Temp/ccl1ozof.s:7      *ABS*:00000001 __zero_reg__
C:\Users\Bilel\AppData\Local\Temp/ccl1ozof.s:18     .text:00000000 wait
C:\Users\Bilel\AppData\Local\Temp/ccl1ozof.s:65     .text:0000001c timer2init
C:\Users\Bilel\AppData\Local\Temp/ccl1ozof.s:91     .text:00000032 __vector_9
C:\Users\Bilel\AppData\Local\Temp/ccl1ozof.s:221    .bss:00000000 msCount
C:\Users\Bilel\AppData\Local\Temp/ccl1ozof.s:227    .bss:00000002 seconden
C:\Users\Bilel\AppData\Local\Temp/ccl1ozof.s:233    .bss:00000004 minuten
C:\Users\Bilel\AppData\Local\Temp/ccl1ozof.s:239    .bss:00000006 uren
C:\Users\Bilel\AppData\Local\Temp/ccl1ozof.s:164    .text:000000c2 main

UNDEFINED SYMBOLS
__do_clear_bss
